#
# A fatal error has been detected by the Java Runtime Environment:
#
#  SIGSEGV (0xb) at pc=0x000000010c29fe30, pid=42927, tid=9219
#
# JRE version: OpenJDK Runtime Environment Temurin-11.0.18+10 (11.0.18+10) (build 11.0.18+10)
# Java VM: OpenJDK 64-Bit Server VM Temurin-11.0.18+10 (11.0.18+10, mixed mode, tiered, compressed oops, g1 gc, bsd-amd64)
# Problematic frame:
# V  [libjvm.dylib+0x1d0e30]  _ZN14AccessInternal19PostRuntimeDispatchIN12G1BarrierSet13AccessBarrierILy1097844ES1_EELNS_11BarrierTypeE2ELy1097844EE18oop_access_barrierEPv+0x4
#
# No core dump will be written. Core dumps have been disabled. To enable core dumping, try "ulimit -c unlimited" before starting Java again
#
# If you would like to submit a bug report, please visit:
#   https://github.com/adoptium/adoptium-support/issues
#

---------------  S U M M A R Y ------------

Command Line: -Dfile.encoding=UTF-8 org.apache.camel.spring.boot.CamelSpringBootApplicationController$1

Host: MacBookPro18,1 x86_64 2400 MHz, 10 cores, 32G, Darwin 21.6.0
Time: Tue Apr 18 16:55:25 2023 AEST elapsed time: 0.215720 seconds (0d 0h 0m 0s)

---------------  T H R E A D  ---------------

Current thread (0x00007f9a2701b000):  JavaThread "main" [_thread_in_vm, id=9219, stack(0x0000000309b1e000,0x0000000309c1e000)]

Stack: [0x0000000309b1e000,0x0000000309c1e000],  sp=0x0000000309c1ddf0,  free space=1023k
Native frames: (J=compiled Java code, A=aot compiled Java code, j=interpreted, Vv=VM code, C=native code)
V  [libjvm.dylib+0x1d0e30]  _ZN14AccessInternal19PostRuntimeDispatchIN12G1BarrierSet13AccessBarrierILy1097844ES1_EELNS_11BarrierTypeE2ELy1097844EE18oop_access_barrierEPv+0x4
V  [libjvm.dylib+0x40837e]  jni_GetStringUTFChars+0xe1
C  [libjli.dylib+0x714e]  PostJVMInit+0xad
C  [libjli.dylib+0x4ab8]  JavaMain+0xa4b
C  [libjli.dylib+0x6df6]  ThreadJavaMain+0x9
C  [libsystem_pthread.dylib+0x64e1]  _pthread_start+0x7d
C  [libsystem_pthread.dylib+0x1f6b]  thread_start+0xf


siginfo: si_signo: 11 (SIGSEGV), si_code: 1 (SEGV_MAPERR), si_addr: 0x0000000000000000

Register to memory mapping:

RAX=0x0 is NULL
RBX=0x0 is NULL
RCX=0x000000010ca5ffd8: jni_NativeInterface+0 in /Users/alanlee/.p2/pool/plugins/org.eclipse.justj.openjdk.hotspot.jre.full.macosx.x86_64_11.0.18.v20230129-1042/jre/lib/server/libjvm.dylib at 0x000000010c0cf000
RDX=0x0 is NULL
RSP=0x0000000309c1ddf0 is pointing into the stack for thread: 0x00007f9a2701b000
RBP=0x0000000309c1ddf0 is pointing into the stack for thread: 0x00007f9a2701b000
RSI=0x0 is NULL
RDI=0x0 is NULL
R8 =0x000000012209cec3 points into unknown readable memory: 20 20 20 20 20
R9 =0x0 is NULL
R10=0x000000010cabdb50: _ZN19TemplateInterpreter13_active_tableE+0x4800 in /Users/alanlee/.p2/pool/plugins/org.eclipse.justj.openjdk.hotspot.jre.full.macosx.x86_64_11.0.18.v20230129-1042/jre/lib/server/libjvm.dylib at 0x000000010c0cf000
R11=0x000000010b7b1f00 is pointing into metadata
R12=0x00007f9a2701b348 points into unknown readable memory: 0x000000010ca5ffd8 | d8 ff a5 0c 01 00 00 00
R13=0x0 is NULL
R14=0x00007f9a2701b000 is a thread
R15=0x0 is NULL


Registers:
RAX=0x0000000000000000, RBX=0x0000000000000000, RCX=0x000000010ca5ffd8, RDX=0x0000000000000000
RSP=0x0000000309c1ddf0, RBP=0x0000000309c1ddf0, RSI=0x0000000000000000, RDI=0x0000000000000000
R8 =0x000000012209cec3, R9 =0x0000000000000000, R10=0x000000010cabdb50, R11=0x000000010b7b1f00
R12=0x00007f9a2701b348, R13=0x0000000000000000, R14=0x00007f9a2701b000, R15=0x0000000000000000
RIP=0x000000010c29fe30, EFLAGS=0x0000000000000246, ERR=0x0000000000000004
  TRAPNO=0x000000000000000e

Top of Stack: (sp=0x0000000309c1ddf0)
0x0000000309c1ddf0:   0000000309c1de80 000000010c4d737e
0x0000000309c1de00:   0000000309c1de20 000000010c2a3370
0x0000000309c1de10:   000060000000000c 0000000000000000
0x0000000309c1de20:   8963d64d3b6a002a 00007f9a2701b000
0x0000000309c1de30:   0000000000000000 000000010c2a3370
0x0000000309c1de40:   8963d64d3b6a002a 00007f9a2701b000
0x0000000309c1de50:   0000000309c1de80 00007f9a2701b348
0x0000000309c1de60:   00007f9a269047f0 0000000000000000
0x0000000309c1de70:   0000000000000000 00007f9a269047f8
0x0000000309c1de80:   0000000309c1df10 000000010b2d114e
0x0000000309c1de90:   0000600002a900e8 000060000009c500
0x0000000309c1dea0:   0000000309c1ded0 000000010c4c4d5f
0x0000000309c1deb0:   8963d64d3b6a002a 00007f9a2701b000
0x0000000309c1dec0:   0000000309c1dee0 000000010c2a3370
0x0000000309c1ded0:   0000600002a900e8 000060000009c500
0x0000000309c1dee0:   0000000309c1df10 8963d64d3b6a002a
0x0000000309c1def0:   00007f9a2701b348 00007f9a269047f0
0x0000000309c1df00:   00007f9a26904808 00007f9a269047f8
0x0000000309c1df10:   0000000309c1dfa0 000000010b2ceab8
0x0000000309c1df20:   00007ff804c10f5c 0005f996cab7183c
0x0000000309c1df30:   0000000400010002 0000600000090080
0x0000000309c1df40:   0000000000000000 0000000000002403
0x0000000309c1df50:   0000600001b90058 0000000000000001
0x0000000309c1df60:   0000600003690000 00007f9a2701b348
0x0000000309c1df70:   000000010ca5ffd0 0000000309c1e000
0x0000000309c1df80:   0000000000000000 0000000000000000
0x0000000309c1df90:   0000000000000000 0000000000000000
0x0000000309c1dfa0:   0000000309c1dfb0 000000010b2d0df6
0x0000000309c1dfb0:   0000000309c1dfd0 00007ff804c154e1
0x0000000309c1dfc0:   0000000000000000 0000000000000000
0x0000000309c1dfd0:   0000000309c1dff0 00007ff804c10f6b
0x0000000309c1dfe0:   0000000000000000 00007ff7ffded7b0 

Instructions: (pc=0x000000010c29fe30)
0x000000010c29fd30:   18 48 8b 03 48 89 df ff 50 28 84 c0 74 14 48 83
0x000000010c29fd40:   c3 28 48 89 df eb 4a 45 31 f6 4c 89 f0 5b 41 5e
0x000000010c29fd50:   5d c3 48 8d 05 37 15 81 00 48 8b 18 48 85 db 74
0x000000010c29fd60:   25 48 89 df e8 5f 45 43 00 48 8d 3d 78 2e 81 00
0x000000010c29fd70:   48 83 c7 68 4c 89 f6 e8 20 24 4b 00 48 89 df e8
0x000000010c29fd80:   de 45 43 00 eb c4 48 8d 3d 5b 2e 81 00 48 83 c7
0x000000010c29fd90:   68 4c 89 f6 e8 03 24 4b 00 eb af 90 55 48 89 e5
0x000000010c29fda0:   53 50 48 89 fb 48 8d 05 54 01 80 00 80 38 00 74
0x000000010c29fdb0:   07 e8 1a 00 00 00 eb 05 e8 7b 91 0a 00 48 89 05
0x000000010c29fdc0:   5c cd 7b 00 48 89 df 48 83 c4 08 5b 5d ff e0 90
0x000000010c29fdd0:   48 8d 05 d9 93 7f 00 48 8b 00 8b 40 10 ff c8 83
0x000000010c29fde0:   f8 04 73 0e 48 98 48 8d 0d c3 e7 77 00 48 8b 04
0x000000010c29fdf0:   c1 c3 55 48 89 e5 48 8d 35 9a 22 63 00 48 8d 0d
0x000000010c29fe00:   be 22 63 00 bf 00 00 00 e0 ba e8 00 00 00 31 c0
0x000000010c29fe10:   e8 34 70 0a 00 e8 a4 bd 45 00 31 c0 5d c3 90 90
0x000000010c29fe20:   55 48 89 e5 48 8b 07 5d c3 90 90 90 55 48 89 e5
0x000000010c29fe30:   48 8b 07 5d c3 90 90 90 55 48 89 e5 48 8b 07 5d
0x000000010c29fe40:   c3 90 90 90 55 48 89 e5 48 8b 37 48 85 f6 74 10
0x000000010c29fe50:   48 8d 05 59 93 7f 00 48 8b 38 5d e9 f6 c4 4e 00
0x000000010c29fe60:   31 c0 5d c3 55 48 89 e5 41 56 53 49 89 f6 48 89
0x000000010c29fe70:   fb 48 8d 05 88 00 80 00 80 38 00 74 07 e8 1a 00
0x000000010c29fe80:   00 00 eb 05 e8 47 b6 ff ff 48 89 05 90 fb 7b 00
0x000000010c29fe90:   48 89 df 4c 89 f6 5b 41 5e 5d ff e0 48 8d 05 0d
0x000000010c29fea0:   93 7f 00 48 8b 00 8b 40 10 ff c8 83 f8 04 73 0e
0x000000010c29feb0:   48 98 48 8d 0d 37 e7 77 00 48 8b 04 c1 c3 55 48
0x000000010c29fec0:   89 e5 48 8d 35 ce 21 63 00 48 8d 0d f2 21 63 00
0x000000010c29fed0:   bf 00 00 00 e0 ba e8 00 00 00 31 c0 e8 68 6f 0a
0x000000010c29fee0:   00 e8 d8 bc 45 00 31 c0 5d c3 90 90 55 48 89 e5
0x000000010c29fef0:   8b 04 37 48 85 c0 74 12 48 8d 15 c1 c5 7d 00 8a
0x000000010c29ff00:   4a 08 48 d3 e0 48 03 02 eb 02 31 c0 5d c3 90 90
0x000000010c29ff10:   55 48 89 e5 8b 04 37 48 85 c0 74 12 48 8d 15 9d
0x000000010c29ff20:   c5 7d 00 8a 4a 08 48 d3 e0 48 03 02 eb 02 31 c0 


Stack slot to memory mapping:
stack at sp + 0 slots: 0x0000000309c1de80 is pointing into the stack for thread: 0x00007f9a2701b000
stack at sp + 1 slots: 0x000000010c4d737e: jni_GetStringUTFChars+0xe1 in /Users/alanlee/.p2/pool/plugins/org.eclipse.justj.openjdk.hotspot.jre.full.macosx.x86_64_11.0.18.v20230129-1042/jre/lib/server/libjvm.dylib at 0x000000010c0cf000
stack at sp + 2 slots: 0x0000000309c1de20 is pointing into the stack for thread: 0x00007f9a2701b000
stack at sp + 3 slots: 0x000000010c2a3370: _ZN20ThreadInVMfromNativeD1Ev+0x20 in /Users/alanlee/.p2/pool/plugins/org.eclipse.justj.openjdk.hotspot.jre.full.macosx.x86_64_11.0.18.v20230129-1042/jre/lib/server/libjvm.dylib at 0x000000010c0cf000
stack at sp + 4 slots: 0x000060000000000c points into unknown readable memory: 00 00 00 00
stack at sp + 5 slots: 0x0 is NULL
stack at sp + 6 slots: 0x8963d64d3b6a002a is an unknown value
stack at sp + 7 slots: 0x00007f9a2701b000 is a thread


---------------  P R O C E S S  ---------------

Threads class SMR info:
_java_thread_list=0x00006000015b46a0, length=9, elements={
0x00007f9a2701b000, 0x00007f9a27989000, 0x00007f9a27989800, 0x00007f9a2799b800,
0x00007f9a27996800, 0x00007f9a27043800, 0x00007f9a27997800, 0x00007f9a2580e000,
0x00007f9a27044000
}

Java Threads: ( => current thread )
=>0x00007f9a2701b000 JavaThread "main" [_thread_in_vm, id=9219, stack(0x0000000309b1e000,0x0000000309c1e000)]
  0x00007f9a27989000 JavaThread "Reference Handler" daemon [_thread_blocked, id=16899, stack(0x000000030a233000,0x000000030a333000)]
  0x00007f9a27989800 JavaThread "Finalizer" daemon [_thread_blocked, id=21763, stack(0x000000030a336000,0x000000030a436000)]
  0x00007f9a2799b800 JavaThread "Signal Dispatcher" daemon [_thread_blocked, id=24067, stack(0x000000030a547000,0x000000030a647000)]
  0x00007f9a27996800 JavaThread "Service Thread" daemon [_thread_blocked, id=41475, stack(0x000000030a64a000,0x000000030a74a000)]
  0x00007f9a27043800 JavaThread "C2 CompilerThread0" daemon [_thread_blocked, id=41219, stack(0x000000030a74d000,0x000000030a84d000)]
  0x00007f9a27997800 JavaThread "C1 CompilerThread0" daemon [_thread_blocked, id=40451, stack(0x000000030a850000,0x000000030a950000)]
  0x00007f9a2580e000 JavaThread "Sweeper thread" daemon [_thread_blocked, id=25603, stack(0x000000030a953000,0x000000030aa53000)]
  0x00007f9a27044000 JavaThread "Common-Cleaner" daemon [_thread_blocked, id=26883, stack(0x000000030ab59000,0x000000030ac59000)]

Other Threads:
  0x00007f9a2704f800 VMThread "VM Thread" [stack: 0x000000030a130000,0x000000030a230000] [id=18435]
  0x00007f9a16016000 WatcherThread [stack: 0x000000030aa56000,0x000000030ab56000] [id=39467]
  0x00007f9a2780e800 GCTaskThread "GC Thread#0" [stack: 0x0000000309c21000,0x0000000309d21000] [id=13571]
  0x00007f9a2783f000 ConcurrentGCThread "G1 Main Marker" [stack: 0x0000000309d24000,0x0000000309e24000] [id=13827]
  0x00007f9a2783f800 ConcurrentGCThread "G1 Conc#0" [stack: 0x0000000309e27000,0x0000000309f27000] [id=14339]
  0x00007f9a27964800 ConcurrentGCThread "G1 Refine#0" [stack: 0x0000000309f2a000,0x000000030a02a000] [id=14851]
  0x00007f9a27965000 ConcurrentGCThread "G1 Young RemSet Sampling" [stack: 0x000000030a02d000,0x000000030a12d000] [id=18947]

Threads with active compile tasks:

VM state:not at safepoint (normal execution)

VM Mutex/Monitor currently owned by a thread: None

Heap address: 0x0000000600000000, size: 8192 MB, Compressed Oops mode: Zero based, Oop shift amount: 3
Narrow klass base: 0x0000000800000000, Narrow klass shift: 0
Compressed class space size: 1073741824 Address: 0x0000000800000000

Heap:
 garbage-first heap   total 524288K, used 2048K [0x0000000600000000, 0x0000000800000000)
  region size 2048K, 3 young (6144K), 0 survivors (0K)
 Metaspace       used 5518K, capacity 5583K, committed 5632K, reserved 1056768K
  class space    used 450K, capacity 497K, committed 512K, reserved 1048576K
Heap Regions: E=young(eden), S=young(survivor), O=old, HS=humongous(starts), HC=humongous(continues), CS=collection set, F=free, A=archive, TAMS=top-at-mark-start (previous, next)
|   0|0x0000000600000000, 0x0000000600000000, 0x0000000600200000|  0%| F|  |TAMS 0x0000000600000000, 0x0000000600000000| Untracked 
|   1|0x0000000600200000, 0x0000000600200000, 0x0000000600400000|  0%| F|  |TAMS 0x0000000600200000, 0x0000000600200000| Untracked 
|   2|0x0000000600400000, 0x0000000600400000, 0x0000000600600000|  0%| F|  |TAMS 0x0000000600400000, 0x0000000600400000| Untracked 
|   3|0x0000000600600000, 0x0000000600600000, 0x0000000600800000|  0%| F|  |TAMS 0x0000000600600000, 0x0000000600600000| Untracked 
|   4|0x0000000600800000, 0x0000000600800000, 0x0000000600a00000|  0%| F|  |TAMS 0x0000000600800000, 0x0000000600800000| Untracked 
|   5|0x0000000600a00000, 0x0000000600a00000, 0x0000000600c00000|  0%| F|  |TAMS 0x0000000600a00000, 0x0000000600a00000| Untracked 
|   6|0x0000000600c00000, 0x0000000600c00000, 0x0000000600e00000|  0%| F|  |TAMS 0x0000000600c00000, 0x0000000600c00000| Untracked 
|   7|0x0000000600e00000, 0x0000000600e00000, 0x0000000601000000|  0%| F|  |TAMS 0x0000000600e00000, 0x0000000600e00000| Untracked 
|   8|0x0000000601000000, 0x0000000601000000, 0x0000000601200000|  0%| F|  |TAMS 0x0000000601000000, 0x0000000601000000| Untracked 
|   9|0x0000000601200000, 0x0000000601200000, 0x0000000601400000|  0%| F|  |TAMS 0x0000000601200000, 0x0000000601200000| Untracked 
|  10|0x0000000601400000, 0x0000000601400000, 0x0000000601600000|  0%| F|  |TAMS 0x0000000601400000, 0x0000000601400000| Untracked 
|  11|0x0000000601600000, 0x0000000601600000, 0x0000000601800000|  0%| F|  |TAMS 0x0000000601600000, 0x0000000601600000| Untracked 
|  12|0x0000000601800000, 0x0000000601800000, 0x0000000601a00000|  0%| F|  |TAMS 0x0000000601800000, 0x0000000601800000| Untracked 
|  13|0x0000000601a00000, 0x0000000601a00000, 0x0000000601c00000|  0%| F|  |TAMS 0x0000000601a00000, 0x0000000601a00000| Untracked 
|  14|0x0000000601c00000, 0x0000000601c00000, 0x0000000601e00000|  0%| F|  |TAMS 0x0000000601c00000, 0x0000000601c00000| Untracked 
|  15|0x0000000601e00000, 0x0000000601e00000, 0x0000000602000000|  0%| F|  |TAMS 0x0000000601e00000, 0x0000000601e00000| Untracked 
|  16|0x0000000602000000, 0x0000000602000000, 0x0000000602200000|  0%| F|  |TAMS 0x0000000602000000, 0x0000000602000000| Untracked 
|  17|0x0000000602200000, 0x0000000602200000, 0x0000000602400000|  0%| F|  |TAMS 0x0000000602200000, 0x0000000602200000| Untracked 
|  18|0x0000000602400000, 0x0000000602400000, 0x0000000602600000|  0%| F|  |TAMS 0x0000000602400000, 0x0000000602400000| Untracked 
|  19|0x0000000602600000, 0x0000000602600000, 0x0000000602800000|  0%| F|  |TAMS 0x0000000602600000, 0x0000000602600000| Untracked 
|  20|0x0000000602800000, 0x0000000602800000, 0x0000000602a00000|  0%| F|  |TAMS 0x0000000602800000, 0x0000000602800000| Untracked 
|  21|0x0000000602a00000, 0x0000000602a00000, 0x0000000602c00000|  0%| F|  |TAMS 0x0000000602a00000, 0x0000000602a00000| Untracked 
|  22|0x0000000602c00000, 0x0000000602c00000, 0x0000000602e00000|  0%| F|  |TAMS 0x0000000602c00000, 0x0000000602c00000| Untracked 
|  23|0x0000000602e00000, 0x0000000602e00000, 0x0000000603000000|  0%| F|  |TAMS 0x0000000602e00000, 0x0000000602e00000| Untracked 
|  24|0x0000000603000000, 0x0000000603000000, 0x0000000603200000|  0%| F|  |TAMS 0x0000000603000000, 0x0000000603000000| Untracked 
|  25|0x0000000603200000, 0x0000000603200000, 0x0000000603400000|  0%| F|  |TAMS 0x0000000603200000, 0x0000000603200000| Untracked 
|  26|0x0000000603400000, 0x0000000603400000, 0x0000000603600000|  0%| F|  |TAMS 0x0000000603400000, 0x0000000603400000| Untracked 
|  27|0x0000000603600000, 0x0000000603600000, 0x0000000603800000|  0%| F|  |TAMS 0x0000000603600000, 0x0000000603600000| Untracked 
|  28|0x0000000603800000, 0x0000000603800000, 0x0000000603a00000|  0%| F|  |TAMS 0x0000000603800000, 0x0000000603800000| Untracked 
|  29|0x0000000603a00000, 0x0000000603a00000, 0x0000000603c00000|  0%| F|  |TAMS 0x0000000603a00000, 0x0000000603a00000| Untracked 
|  30|0x0000000603c00000, 0x0000000603c00000, 0x0000000603e00000|  0%| F|  |TAMS 0x0000000603c00000, 0x0000000603c00000| Untracked 
|  31|0x0000000603e00000, 0x0000000603e00000, 0x0000000604000000|  0%| F|  |TAMS 0x0000000603e00000, 0x0000000603e00000| Untracked 
|  32|0x0000000604000000, 0x0000000604000000, 0x0000000604200000|  0%| F|  |TAMS 0x0000000604000000, 0x0000000604000000| Untracked 
|  33|0x0000000604200000, 0x0000000604200000, 0x0000000604400000|  0%| F|  |TAMS 0x0000000604200000, 0x0000000604200000| Untracked 
|  34|0x0000000604400000, 0x0000000604400000, 0x0000000604600000|  0%| F|  |TAMS 0x0000000604400000, 0x0000000604400000| Untracked 
|  35|0x0000000604600000, 0x0000000604600000, 0x0000000604800000|  0%| F|  |TAMS 0x0000000604600000, 0x0000000604600000| Untracked 
|  36|0x0000000604800000, 0x0000000604800000, 0x0000000604a00000|  0%| F|  |TAMS 0x0000000604800000, 0x0000000604800000| Untracked 
|  37|0x0000000604a00000, 0x0000000604a00000, 0x0000000604c00000|  0%| F|  |TAMS 0x0000000604a00000, 0x0000000604a00000| Untracked 
|  38|0x0000000604c00000, 0x0000000604c00000, 0x0000000604e00000|  0%| F|  |TAMS 0x0000000604c00000, 0x0000000604c00000| Untracked 
|  39|0x0000000604e00000, 0x0000000604e00000, 0x0000000605000000|  0%| F|  |TAMS 0x0000000604e00000, 0x0000000604e00000| Untracked 
|  40|0x0000000605000000, 0x0000000605000000, 0x0000000605200000|  0%| F|  |TAMS 0x0000000605000000, 0x0000000605000000| Untracked 
|  41|0x0000000605200000, 0x0000000605200000, 0x0000000605400000|  0%| F|  |TAMS 0x0000000605200000, 0x0000000605200000| Untracked 
|  42|0x0000000605400000, 0x0000000605400000, 0x0000000605600000|  0%| F|  |TAMS 0x0000000605400000, 0x0000000605400000| Untracked 
|  43|0x0000000605600000, 0x0000000605600000, 0x0000000605800000|  0%| F|  |TAMS 0x0000000605600000, 0x0000000605600000| Untracked 
|  44|0x0000000605800000, 0x0000000605800000, 0x0000000605a00000|  0%| F|  |TAMS 0x0000000605800000, 0x0000000605800000| Untracked 
|  45|0x0000000605a00000, 0x0000000605a00000, 0x0000000605c00000|  0%| F|  |TAMS 0x0000000605a00000, 0x0000000605a00000| Untracked 
|  46|0x0000000605c00000, 0x0000000605c00000, 0x0000000605e00000|  0%| F|  |TAMS 0x0000000605c00000, 0x0000000605c00000| Untracked 
|  47|0x0000000605e00000, 0x0000000605e00000, 0x0000000606000000|  0%| F|  |TAMS 0x0000000605e00000, 0x0000000605e00000| Untracked 
|  48|0x0000000606000000, 0x0000000606000000, 0x0000000606200000|  0%| F|  |TAMS 0x0000000606000000, 0x0000000606000000| Untracked 
|  49|0x0000000606200000, 0x0000000606200000, 0x0000000606400000|  0%| F|  |TAMS 0x0000000606200000, 0x0000000606200000| Untracked 
|  50|0x0000000606400000, 0x0000000606400000, 0x0000000606600000|  0%| F|  |TAMS 0x0000000606400000, 0x0000000606400000| Untracked 
|  51|0x0000000606600000, 0x0000000606600000, 0x0000000606800000|  0%| F|  |TAMS 0x0000000606600000, 0x0000000606600000| Untracked 
|  52|0x0000000606800000, 0x0000000606800000, 0x0000000606a00000|  0%| F|  |TAMS 0x0000000606800000, 0x0000000606800000| Untracked 
|  53|0x0000000606a00000, 0x0000000606a00000, 0x0000000606c00000|  0%| F|  |TAMS 0x0000000606a00000, 0x0000000606a00000| Untracked 
|  54|0x0000000606c00000, 0x0000000606c00000, 0x0000000606e00000|  0%| F|  |TAMS 0x0000000606c00000, 0x0000000606c00000| Untracked 
|  55|0x0000000606e00000, 0x0000000606e00000, 0x0000000607000000|  0%| F|  |TAMS 0x0000000606e00000, 0x0000000606e00000| Untracked 
|  56|0x0000000607000000, 0x0000000607000000, 0x0000000607200000|  0%| F|  |TAMS 0x0000000607000000, 0x0000000607000000| Untracked 
|  57|0x0000000607200000, 0x0000000607200000, 0x0000000607400000|  0%| F|  |TAMS 0x0000000607200000, 0x0000000607200000| Untracked 
|  58|0x0000000607400000, 0x0000000607400000, 0x0000000607600000|  0%| F|  |TAMS 0x0000000607400000, 0x0000000607400000| Untracked 
|  59|0x0000000607600000, 0x0000000607600000, 0x0000000607800000|  0%| F|  |TAMS 0x0000000607600000, 0x0000000607600000| Untracked 
|  60|0x0000000607800000, 0x0000000607800000, 0x0000000607a00000|  0%| F|  |TAMS 0x0000000607800000, 0x0000000607800000| Untracked 
|  61|0x0000000607a00000, 0x0000000607a00000, 0x0000000607c00000|  0%| F|  |TAMS 0x0000000607a00000, 0x0000000607a00000| Untracked 
|  62|0x0000000607c00000, 0x0000000607c00000, 0x0000000607e00000|  0%| F|  |TAMS 0x0000000607c00000, 0x0000000607c00000| Untracked 
|  63|0x0000000607e00000, 0x0000000607e00000, 0x0000000608000000|  0%| F|  |TAMS 0x0000000607e00000, 0x0000000607e00000| Untracked 
|  64|0x0000000608000000, 0x0000000608000000, 0x0000000608200000|  0%| F|  |TAMS 0x0000000608000000, 0x0000000608000000| Untracked 
|  65|0x0000000608200000, 0x0000000608200000, 0x0000000608400000|  0%| F|  |TAMS 0x0000000608200000, 0x0000000608200000| Untracked 
|  66|0x0000000608400000, 0x0000000608400000, 0x0000000608600000|  0%| F|  |TAMS 0x0000000608400000, 0x0000000608400000| Untracked 
|  67|0x0000000608600000, 0x0000000608600000, 0x0000000608800000|  0%| F|  |TAMS 0x0000000608600000, 0x0000000608600000| Untracked 
|  68|0x0000000608800000, 0x0000000608800000, 0x0000000608a00000|  0%| F|  |TAMS 0x0000000608800000, 0x0000000608800000| Untracked 
|  69|0x0000000608a00000, 0x0000000608a00000, 0x0000000608c00000|  0%| F|  |TAMS 0x0000000608a00000, 0x0000000608a00000| Untracked 
|  70|0x0000000608c00000, 0x0000000608c00000, 0x0000000608e00000|  0%| F|  |TAMS 0x0000000608c00000, 0x0000000608c00000| Untracked 
|  71|0x0000000608e00000, 0x0000000608e00000, 0x0000000609000000|  0%| F|  |TAMS 0x0000000608e00000, 0x0000000608e00000| Untracked 
|  72|0x0000000609000000, 0x0000000609000000, 0x0000000609200000|  0%| F|  |TAMS 0x0000000609000000, 0x0000000609000000| Untracked 
|  73|0x0000000609200000, 0x0000000609200000, 0x0000000609400000|  0%| F|  |TAMS 0x0000000609200000, 0x0000000609200000| Untracked 
|  74|0x0000000609400000, 0x0000000609400000, 0x0000000609600000|  0%| F|  |TAMS 0x0000000609400000, 0x0000000609400000| Untracked 
|  75|0x0000000609600000, 0x0000000609600000, 0x0000000609800000|  0%| F|  |TAMS 0x0000000609600000, 0x0000000609600000| Untracked 
|  76|0x0000000609800000, 0x0000000609800000, 0x0000000609a00000|  0%| F|  |TAMS 0x0000000609800000, 0x0000000609800000| Untracked 
|  77|0x0000000609a00000, 0x0000000609a00000, 0x0000000609c00000|  0%| F|  |TAMS 0x0000000609a00000, 0x0000000609a00000| Untracked 
|  78|0x0000000609c00000, 0x0000000609c00000, 0x0000000609e00000|  0%| F|  |TAMS 0x0000000609c00000, 0x0000000609c00000| Untracked 
|  79|0x0000000609e00000, 0x0000000609e00000, 0x000000060a000000|  0%| F|  |TAMS 0x0000000609e00000, 0x0000000609e00000| Untracked 
|  80|0x000000060a000000, 0x000000060a000000, 0x000000060a200000|  0%| F|  |TAMS 0x000000060a000000, 0x000000060a000000| Untracked 
|  81|0x000000060a200000, 0x000000060a200000, 0x000000060a400000|  0%| F|  |TAMS 0x000000060a200000, 0x000000060a200000| Untracked 
|  82|0x000000060a400000, 0x000000060a400000, 0x000000060a600000|  0%| F|  |TAMS 0x000000060a400000, 0x000000060a400000| Untracked 
|  83|0x000000060a600000, 0x000000060a600000, 0x000000060a800000|  0%| F|  |TAMS 0x000000060a600000, 0x000000060a600000| Untracked 
|  84|0x000000060a800000, 0x000000060a800000, 0x000000060aa00000|  0%| F|  |TAMS 0x000000060a800000, 0x000000060a800000| Untracked 
|  85|0x000000060aa00000, 0x000000060aa00000, 0x000000060ac00000|  0%| F|  |TAMS 0x000000060aa00000, 0x000000060aa00000| Untracked 
|  86|0x000000060ac00000, 0x000000060ac00000, 0x000000060ae00000|  0%| F|  |TAMS 0x000000060ac00000, 0x000000060ac00000| Untracked 
|  87|0x000000060ae00000, 0x000000060ae00000, 0x000000060b000000|  0%| F|  |TAMS 0x000000060ae00000, 0x000000060ae00000| Untracked 
|  88|0x000000060b000000, 0x000000060b000000, 0x000000060b200000|  0%| F|  |TAMS 0x000000060b000000, 0x000000060b000000| Untracked 
|  89|0x000000060b200000, 0x000000060b200000, 0x000000060b400000|  0%| F|  |TAMS 0x000000060b200000, 0x000000060b200000| Untracked 
|  90|0x000000060b400000, 0x000000060b400000, 0x000000060b600000|  0%| F|  |TAMS 0x000000060b400000, 0x000000060b400000| Untracked 
|  91|0x000000060b600000, 0x000000060b600000, 0x000000060b800000|  0%| F|  |TAMS 0x000000060b600000, 0x000000060b600000| Untracked 
|  92|0x000000060b800000, 0x000000060b800000, 0x000000060ba00000|  0%| F|  |TAMS 0x000000060b800000, 0x000000060b800000| Untracked 
|  93|0x000000060ba00000, 0x000000060ba00000, 0x000000060bc00000|  0%| F|  |TAMS 0x000000060ba00000, 0x000000060ba00000| Untracked 
|  94|0x000000060bc00000, 0x000000060bc00000, 0x000000060be00000|  0%| F|  |TAMS 0x000000060bc00000, 0x000000060bc00000| Untracked 
|  95|0x000000060be00000, 0x000000060be00000, 0x000000060c000000|  0%| F|  |TAMS 0x000000060be00000, 0x000000060be00000| Untracked 
|  96|0x000000060c000000, 0x000000060c000000, 0x000000060c200000|  0%| F|  |TAMS 0x000000060c000000, 0x000000060c000000| Untracked 
|  97|0x000000060c200000, 0x000000060c200000, 0x000000060c400000|  0%| F|  |TAMS 0x000000060c200000, 0x000000060c200000| Untracked 
|  98|0x000000060c400000, 0x000000060c400000, 0x000000060c600000|  0%| F|  |TAMS 0x000000060c400000, 0x000000060c400000| Untracked 
|  99|0x000000060c600000, 0x000000060c600000, 0x000000060c800000|  0%| F|  |TAMS 0x000000060c600000, 0x000000060c600000| Untracked 
| 100|0x000000060c800000, 0x000000060c800000, 0x000000060ca00000|  0%| F|  |TAMS 0x000000060c800000, 0x000000060c800000| Untracked 
| 101|0x000000060ca00000, 0x000000060ca00000, 0x000000060cc00000|  0%| F|  |TAMS 0x000000060ca00000, 0x000000060ca00000| Untracked 
| 102|0x000000060cc00000, 0x000000060cc00000, 0x000000060ce00000|  0%| F|  |TAMS 0x000000060cc00000, 0x000000060cc00000| Untracked 
| 103|0x000000060ce00000, 0x000000060ce00000, 0x000000060d000000|  0%| F|  |TAMS 0x000000060ce00000, 0x000000060ce00000| Untracked 
| 104|0x000000060d000000, 0x000000060d000000, 0x000000060d200000|  0%| F|  |TAMS 0x000000060d000000, 0x000000060d000000| Untracked 
| 105|0x000000060d200000, 0x000000060d200000, 0x000000060d400000|  0%| F|  |TAMS 0x000000060d200000, 0x000000060d200000| Untracked 
| 106|0x000000060d400000, 0x000000060d400000, 0x000000060d600000|  0%| F|  |TAMS 0x000000060d400000, 0x000000060d400000| Untracked 
| 107|0x000000060d600000, 0x000000060d600000, 0x000000060d800000|  0%| F|  |TAMS 0x000000060d600000, 0x000000060d600000| Untracked 
| 108|0x000000060d800000, 0x000000060d800000, 0x000000060da00000|  0%| F|  |TAMS 0x000000060d800000, 0x000000060d800000| Untracked 
| 109|0x000000060da00000, 0x000000060da00000, 0x000000060dc00000|  0%| F|  |TAMS 0x000000060da00000, 0x000000060da00000| Untracked 
| 110|0x000000060dc00000, 0x000000060dc00000, 0x000000060de00000|  0%| F|  |TAMS 0x000000060dc00000, 0x000000060dc00000| Untracked 
| 111|0x000000060de00000, 0x000000060de00000, 0x000000060e000000|  0%| F|  |TAMS 0x000000060de00000, 0x000000060de00000| Untracked 
| 112|0x000000060e000000, 0x000000060e000000, 0x000000060e200000|  0%| F|  |TAMS 0x000000060e000000, 0x000000060e000000| Untracked 
| 113|0x000000060e200000, 0x000000060e200000, 0x000000060e400000|  0%| F|  |TAMS 0x000000060e200000, 0x000000060e200000| Untracked 
| 114|0x000000060e400000, 0x000000060e400000, 0x000000060e600000|  0%| F|  |TAMS 0x000000060e400000, 0x000000060e400000| Untracked 
| 115|0x000000060e600000, 0x000000060e600000, 0x000000060e800000|  0%| F|  |TAMS 0x000000060e600000, 0x000000060e600000| Untracked 
| 116|0x000000060e800000, 0x000000060e800000, 0x000000060ea00000|  0%| F|  |TAMS 0x000000060e800000, 0x000000060e800000| Untracked 
| 117|0x000000060ea00000, 0x000000060ea00000, 0x000000060ec00000|  0%| F|  |TAMS 0x000000060ea00000, 0x000000060ea00000| Untracked 
| 118|0x000000060ec00000, 0x000000060ec00000, 0x000000060ee00000|  0%| F|  |TAMS 0x000000060ec00000, 0x000000060ec00000| Untracked 
| 119|0x000000060ee00000, 0x000000060ee00000, 0x000000060f000000|  0%| F|  |TAMS 0x000000060ee00000, 0x000000060ee00000| Untracked 
| 120|0x000000060f000000, 0x000000060f000000, 0x000000060f200000|  0%| F|  |TAMS 0x000000060f000000, 0x000000060f000000| Untracked 
| 121|0x000000060f200000, 0x000000060f200000, 0x000000060f400000|  0%| F|  |TAMS 0x000000060f200000, 0x000000060f200000| Untracked 
| 122|0x000000060f400000, 0x000000060f400000, 0x000000060f600000|  0%| F|  |TAMS 0x000000060f400000, 0x000000060f400000| Untracked 
| 123|0x000000060f600000, 0x000000060f600000, 0x000000060f800000|  0%| F|  |TAMS 0x000000060f600000, 0x000000060f600000| Untracked 
| 124|0x000000060f800000, 0x000000060f800000, 0x000000060fa00000|  0%| F|  |TAMS 0x000000060f800000, 0x000000060f800000| Untracked 
| 125|0x000000060fa00000, 0x000000060fa00000, 0x000000060fc00000|  0%| F|  |TAMS 0x000000060fa00000, 0x000000060fa00000| Untracked 
| 126|0x000000060fc00000, 0x000000060fc00000, 0x000000060fe00000|  0%| F|  |TAMS 0x000000060fc00000, 0x000000060fc00000| Untracked 
| 127|0x000000060fe00000, 0x000000060fe00000, 0x0000000610000000|  0%| F|  |TAMS 0x000000060fe00000, 0x000000060fe00000| Untracked 
| 128|0x0000000610000000, 0x0000000610000000, 0x0000000610200000|  0%| F|  |TAMS 0x0000000610000000, 0x0000000610000000| Untracked 
| 129|0x0000000610200000, 0x0000000610200000, 0x0000000610400000|  0%| F|  |TAMS 0x0000000610200000, 0x0000000610200000| Untracked 
| 130|0x0000000610400000, 0x0000000610400000, 0x0000000610600000|  0%| F|  |TAMS 0x0000000610400000, 0x0000000610400000| Untracked 
| 131|0x0000000610600000, 0x0000000610600000, 0x0000000610800000|  0%| F|  |TAMS 0x0000000610600000, 0x0000000610600000| Untracked 
| 132|0x0000000610800000, 0x0000000610800000, 0x0000000610a00000|  0%| F|  |TAMS 0x0000000610800000, 0x0000000610800000| Untracked 
| 133|0x0000000610a00000, 0x0000000610a00000, 0x0000000610c00000|  0%| F|  |TAMS 0x0000000610a00000, 0x0000000610a00000| Untracked 
| 134|0x0000000610c00000, 0x0000000610c00000, 0x0000000610e00000|  0%| F|  |TAMS 0x0000000610c00000, 0x0000000610c00000| Untracked 
| 135|0x0000000610e00000, 0x0000000610e00000, 0x0000000611000000|  0%| F|  |TAMS 0x0000000610e00000, 0x0000000610e00000| Untracked 
| 136|0x0000000611000000, 0x0000000611000000, 0x0000000611200000|  0%| F|  |TAMS 0x0000000611000000, 0x0000000611000000| Untracked 
| 137|0x0000000611200000, 0x0000000611200000, 0x0000000611400000|  0%| F|  |TAMS 0x0000000611200000, 0x0000000611200000| Untracked 
| 138|0x0000000611400000, 0x0000000611400000, 0x0000000611600000|  0%| F|  |TAMS 0x0000000611400000, 0x0000000611400000| Untracked 
| 139|0x0000000611600000, 0x0000000611600000, 0x0000000611800000|  0%| F|  |TAMS 0x0000000611600000, 0x0000000611600000| Untracked 
| 140|0x0000000611800000, 0x0000000611800000, 0x0000000611a00000|  0%| F|  |TAMS 0x0000000611800000, 0x0000000611800000| Untracked 
| 141|0x0000000611a00000, 0x0000000611a00000, 0x0000000611c00000|  0%| F|  |TAMS 0x0000000611a00000, 0x0000000611a00000| Untracked 
| 142|0x0000000611c00000, 0x0000000611c00000, 0x0000000611e00000|  0%| F|  |TAMS 0x0000000611c00000, 0x0000000611c00000| Untracked 
| 143|0x0000000611e00000, 0x0000000611e00000, 0x0000000612000000|  0%| F|  |TAMS 0x0000000611e00000, 0x0000000611e00000| Untracked 
| 144|0x0000000612000000, 0x0000000612000000, 0x0000000612200000|  0%| F|  |TAMS 0x0000000612000000, 0x0000000612000000| Untracked 
| 145|0x0000000612200000, 0x0000000612200000, 0x0000000612400000|  0%| F|  |TAMS 0x0000000612200000, 0x0000000612200000| Untracked 
| 146|0x0000000612400000, 0x0000000612400000, 0x0000000612600000|  0%| F|  |TAMS 0x0000000612400000, 0x0000000612400000| Untracked 
| 147|0x0000000612600000, 0x0000000612600000, 0x0000000612800000|  0%| F|  |TAMS 0x0000000612600000, 0x0000000612600000| Untracked 
| 148|0x0000000612800000, 0x0000000612800000, 0x0000000612a00000|  0%| F|  |TAMS 0x0000000612800000, 0x0000000612800000| Untracked 
| 149|0x0000000612a00000, 0x0000000612a00000, 0x0000000612c00000|  0%| F|  |TAMS 0x0000000612a00000, 0x0000000612a00000| Untracked 
| 150|0x0000000612c00000, 0x0000000612c00000, 0x0000000612e00000|  0%| F|  |TAMS 0x0000000612c00000, 0x0000000612c00000| Untracked 
| 151|0x0000000612e00000, 0x0000000612e00000, 0x0000000613000000|  0%| F|  |TAMS 0x0000000612e00000, 0x0000000612e00000| Untracked 
| 152|0x0000000613000000, 0x0000000613000000, 0x0000000613200000|  0%| F|  |TAMS 0x0000000613000000, 0x0000000613000000| Untracked 
| 153|0x0000000613200000, 0x0000000613200000, 0x0000000613400000|  0%| F|  |TAMS 0x0000000613200000, 0x0000000613200000| Untracked 
| 154|0x0000000613400000, 0x0000000613400000, 0x0000000613600000|  0%| F|  |TAMS 0x0000000613400000, 0x0000000613400000| Untracked 
| 155|0x0000000613600000, 0x0000000613600000, 0x0000000613800000|  0%| F|  |TAMS 0x0000000613600000, 0x0000000613600000| Untracked 
| 156|0x0000000613800000, 0x0000000613800000, 0x0000000613a00000|  0%| F|  |TAMS 0x0000000613800000, 0x0000000613800000| Untracked 
| 157|0x0000000613a00000, 0x0000000613a00000, 0x0000000613c00000|  0%| F|  |TAMS 0x0000000613a00000, 0x0000000613a00000| Untracked 
| 158|0x0000000613c00000, 0x0000000613c00000, 0x0000000613e00000|  0%| F|  |TAMS 0x0000000613c00000, 0x0000000613c00000| Untracked 
| 159|0x0000000613e00000, 0x0000000613e00000, 0x0000000614000000|  0%| F|  |TAMS 0x0000000613e00000, 0x0000000613e00000| Untracked 
| 160|0x0000000614000000, 0x0000000614000000, 0x0000000614200000|  0%| F|  |TAMS 0x0000000614000000, 0x0000000614000000| Untracked 
| 161|0x0000000614200000, 0x0000000614200000, 0x0000000614400000|  0%| F|  |TAMS 0x0000000614200000, 0x0000000614200000| Untracked 
| 162|0x0000000614400000, 0x0000000614400000, 0x0000000614600000|  0%| F|  |TAMS 0x0000000614400000, 0x0000000614400000| Untracked 
| 163|0x0000000614600000, 0x0000000614600000, 0x0000000614800000|  0%| F|  |TAMS 0x0000000614600000, 0x0000000614600000| Untracked 
| 164|0x0000000614800000, 0x0000000614800000, 0x0000000614a00000|  0%| F|  |TAMS 0x0000000614800000, 0x0000000614800000| Untracked 
| 165|0x0000000614a00000, 0x0000000614a00000, 0x0000000614c00000|  0%| F|  |TAMS 0x0000000614a00000, 0x0000000614a00000| Untracked 
| 166|0x0000000614c00000, 0x0000000614c00000, 0x0000000614e00000|  0%| F|  |TAMS 0x0000000614c00000, 0x0000000614c00000| Untracked 
| 167|0x0000000614e00000, 0x0000000614e00000, 0x0000000615000000|  0%| F|  |TAMS 0x0000000614e00000, 0x0000000614e00000| Untracked 
| 168|0x0000000615000000, 0x0000000615000000, 0x0000000615200000|  0%| F|  |TAMS 0x0000000615000000, 0x0000000615000000| Untracked 
| 169|0x0000000615200000, 0x0000000615200000, 0x0000000615400000|  0%| F|  |TAMS 0x0000000615200000, 0x0000000615200000| Untracked 
| 170|0x0000000615400000, 0x0000000615400000, 0x0000000615600000|  0%| F|  |TAMS 0x0000000615400000, 0x0000000615400000| Untracked 
| 171|0x0000000615600000, 0x0000000615600000, 0x0000000615800000|  0%| F|  |TAMS 0x0000000615600000, 0x0000000615600000| Untracked 
| 172|0x0000000615800000, 0x0000000615800000, 0x0000000615a00000|  0%| F|  |TAMS 0x0000000615800000, 0x0000000615800000| Untracked 
| 173|0x0000000615a00000, 0x0000000615a00000, 0x0000000615c00000|  0%| F|  |TAMS 0x0000000615a00000, 0x0000000615a00000| Untracked 
| 174|0x0000000615c00000, 0x0000000615c00000, 0x0000000615e00000|  0%| F|  |TAMS 0x0000000615c00000, 0x0000000615c00000| Untracked 
| 175|0x0000000615e00000, 0x0000000615e00000, 0x0000000616000000|  0%| F|  |TAMS 0x0000000615e00000, 0x0000000615e00000| Untracked 
| 176|0x0000000616000000, 0x0000000616000000, 0x0000000616200000|  0%| F|  |TAMS 0x0000000616000000, 0x0000000616000000| Untracked 
| 177|0x0000000616200000, 0x0000000616200000, 0x0000000616400000|  0%| F|  |TAMS 0x0000000616200000, 0x0000000616200000| Untracked 
| 178|0x0000000616400000, 0x0000000616400000, 0x0000000616600000|  0%| F|  |TAMS 0x0000000616400000, 0x0000000616400000| Untracked 
| 179|0x0000000616600000, 0x0000000616600000, 0x0000000616800000|  0%| F|  |TAMS 0x0000000616600000, 0x0000000616600000| Untracked 
| 180|0x0000000616800000, 0x0000000616800000, 0x0000000616a00000|  0%| F|  |TAMS 0x0000000616800000, 0x0000000616800000| Untracked 
| 181|0x0000000616a00000, 0x0000000616a00000, 0x0000000616c00000|  0%| F|  |TAMS 0x0000000616a00000, 0x0000000616a00000| Untracked 
| 182|0x0000000616c00000, 0x0000000616c00000, 0x0000000616e00000|  0%| F|  |TAMS 0x0000000616c00000, 0x0000000616c00000| Untracked 
| 183|0x0000000616e00000, 0x0000000616e00000, 0x0000000617000000|  0%| F|  |TAMS 0x0000000616e00000, 0x0000000616e00000| Untracked 
| 184|0x0000000617000000, 0x0000000617000000, 0x0000000617200000|  0%| F|  |TAMS 0x0000000617000000, 0x0000000617000000| Untracked 
| 185|0x0000000617200000, 0x0000000617200000, 0x0000000617400000|  0%| F|  |TAMS 0x0000000617200000, 0x0000000617200000| Untracked 
| 186|0x0000000617400000, 0x0000000617400000, 0x0000000617600000|  0%| F|  |TAMS 0x0000000617400000, 0x0000000617400000| Untracked 
| 187|0x0000000617600000, 0x0000000617600000, 0x0000000617800000|  0%| F|  |TAMS 0x0000000617600000, 0x0000000617600000| Untracked 
| 188|0x0000000617800000, 0x0000000617800000, 0x0000000617a00000|  0%| F|  |TAMS 0x0000000617800000, 0x0000000617800000| Untracked 
| 189|0x0000000617a00000, 0x0000000617a00000, 0x0000000617c00000|  0%| F|  |TAMS 0x0000000617a00000, 0x0000000617a00000| Untracked 
| 190|0x0000000617c00000, 0x0000000617c00000, 0x0000000617e00000|  0%| F|  |TAMS 0x0000000617c00000, 0x0000000617c00000| Untracked 
| 191|0x0000000617e00000, 0x0000000617e00000, 0x0000000618000000|  0%| F|  |TAMS 0x0000000617e00000, 0x0000000617e00000| Untracked 
| 192|0x0000000618000000, 0x0000000618000000, 0x0000000618200000|  0%| F|  |TAMS 0x0000000618000000, 0x0000000618000000| Untracked 
| 193|0x0000000618200000, 0x0000000618200000, 0x0000000618400000|  0%| F|  |TAMS 0x0000000618200000, 0x0000000618200000| Untracked 
| 194|0x0000000618400000, 0x0000000618400000, 0x0000000618600000|  0%| F|  |TAMS 0x0000000618400000, 0x0000000618400000| Untracked 
| 195|0x0000000618600000, 0x0000000618600000, 0x0000000618800000|  0%| F|  |TAMS 0x0000000618600000, 0x0000000618600000| Untracked 
| 196|0x0000000618800000, 0x0000000618800000, 0x0000000618a00000|  0%| F|  |TAMS 0x0000000618800000, 0x0000000618800000| Untracked 
| 197|0x0000000618a00000, 0x0000000618a00000, 0x0000000618c00000|  0%| F|  |TAMS 0x0000000618a00000, 0x0000000618a00000| Untracked 
| 198|0x0000000618c00000, 0x0000000618c00000, 0x0000000618e00000|  0%| F|  |TAMS 0x0000000618c00000, 0x0000000618c00000| Untracked 
| 199|0x0000000618e00000, 0x0000000618e00000, 0x0000000619000000|  0%| F|  |TAMS 0x0000000618e00000, 0x0000000618e00000| Untracked 
| 200|0x0000000619000000, 0x0000000619000000, 0x0000000619200000|  0%| F|  |TAMS 0x0000000619000000, 0x0000000619000000| Untracked 
| 201|0x0000000619200000, 0x0000000619200000, 0x0000000619400000|  0%| F|  |TAMS 0x0000000619200000, 0x0000000619200000| Untracked 
| 202|0x0000000619400000, 0x0000000619400000, 0x0000000619600000|  0%| F|  |TAMS 0x0000000619400000, 0x0000000619400000| Untracked 
| 203|0x0000000619600000, 0x0000000619600000, 0x0000000619800000|  0%| F|  |TAMS 0x0000000619600000, 0x0000000619600000| Untracked 
| 204|0x0000000619800000, 0x0000000619800000, 0x0000000619a00000|  0%| F|  |TAMS 0x0000000619800000, 0x0000000619800000| Untracked 
| 205|0x0000000619a00000, 0x0000000619a00000, 0x0000000619c00000|  0%| F|  |TAMS 0x0000000619a00000, 0x0000000619a00000| Untracked 
| 206|0x0000000619c00000, 0x0000000619c00000, 0x0000000619e00000|  0%| F|  |TAMS 0x0000000619c00000, 0x0000000619c00000| Untracked 
| 207|0x0000000619e00000, 0x0000000619e00000, 0x000000061a000000|  0%| F|  |TAMS 0x0000000619e00000, 0x0000000619e00000| Untracked 
| 208|0x000000061a000000, 0x000000061a000000, 0x000000061a200000|  0%| F|  |TAMS 0x000000061a000000, 0x000000061a000000| Untracked 
| 209|0x000000061a200000, 0x000000061a200000, 0x000000061a400000|  0%| F|  |TAMS 0x000000061a200000, 0x000000061a200000| Untracked 
| 210|0x000000061a400000, 0x000000061a400000, 0x000000061a600000|  0%| F|  |TAMS 0x000000061a400000, 0x000000061a400000| Untracked 
| 211|0x000000061a600000, 0x000000061a600000, 0x000000061a800000|  0%| F|  |TAMS 0x000000061a600000, 0x000000061a600000| Untracked 
| 212|0x000000061a800000, 0x000000061a800000, 0x000000061aa00000|  0%| F|  |TAMS 0x000000061a800000, 0x000000061a800000| Untracked 
| 213|0x000000061aa00000, 0x000000061aa00000, 0x000000061ac00000|  0%| F|  |TAMS 0x000000061aa00000, 0x000000061aa00000| Untracked 
| 214|0x000000061ac00000, 0x000000061ac00000, 0x000000061ae00000|  0%| F|  |TAMS 0x000000061ac00000, 0x000000061ac00000| Untracked 
| 215|0x000000061ae00000, 0x000000061ae00000, 0x000000061b000000|  0%| F|  |TAMS 0x000000061ae00000, 0x000000061ae00000| Untracked 
| 216|0x000000061b000000, 0x000000061b000000, 0x000000061b200000|  0%| F|  |TAMS 0x000000061b000000, 0x000000061b000000| Untracked 
| 217|0x000000061b200000, 0x000000061b200000, 0x000000061b400000|  0%| F|  |TAMS 0x000000061b200000, 0x000000061b200000| Untracked 
| 218|0x000000061b400000, 0x000000061b400000, 0x000000061b600000|  0%| F|  |TAMS 0x000000061b400000, 0x000000061b400000| Untracked 
| 219|0x000000061b600000, 0x000000061b600000, 0x000000061b800000|  0%| F|  |TAMS 0x000000061b600000, 0x000000061b600000| Untracked 
| 220|0x000000061b800000, 0x000000061b800000, 0x000000061ba00000|  0%| F|  |TAMS 0x000000061b800000, 0x000000061b800000| Untracked 
| 221|0x000000061ba00000, 0x000000061ba00000, 0x000000061bc00000|  0%| F|  |TAMS 0x000000061ba00000, 0x000000061ba00000| Untracked 
| 222|0x000000061bc00000, 0x000000061bc00000, 0x000000061be00000|  0%| F|  |TAMS 0x000000061bc00000, 0x000000061bc00000| Untracked 
| 223|0x000000061be00000, 0x000000061be00000, 0x000000061c000000|  0%| F|  |TAMS 0x000000061be00000, 0x000000061be00000| Untracked 
| 224|0x000000061c000000, 0x000000061c000000, 0x000000061c200000|  0%| F|  |TAMS 0x000000061c000000, 0x000000061c000000| Untracked 
| 225|0x000000061c200000, 0x000000061c200000, 0x000000061c400000|  0%| F|  |TAMS 0x000000061c200000, 0x000000061c200000| Untracked 
| 226|0x000000061c400000, 0x000000061c400000, 0x000000061c600000|  0%| F|  |TAMS 0x000000061c400000, 0x000000061c400000| Untracked 
| 227|0x000000061c600000, 0x000000061c600000, 0x000000061c800000|  0%| F|  |TAMS 0x000000061c600000, 0x000000061c600000| Untracked 
| 228|0x000000061c800000, 0x000000061c800000, 0x000000061ca00000|  0%| F|  |TAMS 0x000000061c800000, 0x000000061c800000| Untracked 
| 229|0x000000061ca00000, 0x000000061ca00000, 0x000000061cc00000|  0%| F|  |TAMS 0x000000061ca00000, 0x000000061ca00000| Untracked 
| 230|0x000000061cc00000, 0x000000061cc00000, 0x000000061ce00000|  0%| F|  |TAMS 0x000000061cc00000, 0x000000061cc00000| Untracked 
| 231|0x000000061ce00000, 0x000000061ce00000, 0x000000061d000000|  0%| F|  |TAMS 0x000000061ce00000, 0x000000061ce00000| Untracked 
| 232|0x000000061d000000, 0x000000061d000000, 0x000000061d200000|  0%| F|  |TAMS 0x000000061d000000, 0x000000061d000000| Untracked 
| 233|0x000000061d200000, 0x000000061d200000, 0x000000061d400000|  0%| F|  |TAMS 0x000000061d200000, 0x000000061d200000| Untracked 
| 234|0x000000061d400000, 0x000000061d400000, 0x000000061d600000|  0%| F|  |TAMS 0x000000061d400000, 0x000000061d400000| Untracked 
| 235|0x000000061d600000, 0x000000061d600000, 0x000000061d800000|  0%| F|  |TAMS 0x000000061d600000, 0x000000061d600000| Untracked 
| 236|0x000000061d800000, 0x000000061d800000, 0x000000061da00000|  0%| F|  |TAMS 0x000000061d800000, 0x000000061d800000| Untracked 
| 237|0x000000061da00000, 0x000000061da00000, 0x000000061dc00000|  0%| F|  |TAMS 0x000000061da00000, 0x000000061da00000| Untracked 
| 238|0x000000061dc00000, 0x000000061dc00000, 0x000000061de00000|  0%| F|  |TAMS 0x000000061dc00000, 0x000000061dc00000| Untracked 
| 239|0x000000061de00000, 0x000000061de00000, 0x000000061e000000|  0%| F|  |TAMS 0x000000061de00000, 0x000000061de00000| Untracked 
| 240|0x000000061e000000, 0x000000061e000000, 0x000000061e200000|  0%| F|  |TAMS 0x000000061e000000, 0x000000061e000000| Untracked 
| 241|0x000000061e200000, 0x000000061e200000, 0x000000061e400000|  0%| F|  |TAMS 0x000000061e200000, 0x000000061e200000| Untracked 
| 242|0x000000061e400000, 0x000000061e400000, 0x000000061e600000|  0%| F|  |TAMS 0x000000061e400000, 0x000000061e400000| Untracked 
| 243|0x000000061e600000, 0x000000061e600000, 0x000000061e800000|  0%| F|  |TAMS 0x000000061e600000, 0x000000061e600000| Untracked 
| 244|0x000000061e800000, 0x000000061e800000, 0x000000061ea00000|  0%| F|  |TAMS 0x000000061e800000, 0x000000061e800000| Untracked 
| 245|0x000000061ea00000, 0x000000061ea00000, 0x000000061ec00000|  0%| F|  |TAMS 0x000000061ea00000, 0x000000061ea00000| Untracked 
| 246|0x000000061ec00000, 0x000000061ec00000, 0x000000061ee00000|  0%| F|  |TAMS 0x000000061ec00000, 0x000000061ec00000| Untracked 
| 247|0x000000061ee00000, 0x000000061ee00000, 0x000000061f000000|  0%| F|  |TAMS 0x000000061ee00000, 0x000000061ee00000| Untracked 
| 248|0x000000061f000000, 0x000000061f000000, 0x000000061f200000|  0%| F|  |TAMS 0x000000061f000000, 0x000000061f000000| Untracked 
| 249|0x000000061f200000, 0x000000061f200000, 0x000000061f400000|  0%| F|  |TAMS 0x000000061f200000, 0x000000061f200000| Untracked 
| 250|0x000000061f400000, 0x000000061f400000, 0x000000061f600000|  0%| F|  |TAMS 0x000000061f400000, 0x000000061f400000| Untracked 
| 251|0x000000061f600000, 0x000000061f600000, 0x000000061f800000|  0%| F|  |TAMS 0x000000061f600000, 0x000000061f600000| Untracked 
| 252|0x000000061f800000, 0x000000061f800000, 0x000000061fa00000|  0%| F|  |TAMS 0x000000061f800000, 0x000000061f800000| Untracked 
| 253|0x000000061fa00000, 0x000000061fadbd38, 0x000000061fc00000| 42%| E|  |TAMS 0x000000061fa00000, 0x000000061fa00000| Complete 
| 254|0x000000061fc00000, 0x000000061fe00000, 0x000000061fe00000|100%| E|  |TAMS 0x000000061fc00000, 0x000000061fc00000| Complete 
| 255|0x000000061fe00000, 0x0000000620000000, 0x0000000620000000|100%| E|CS|TAMS 0x000000061fe00000, 0x000000061fe00000| Complete 

Card table byte_map: [0x0000000121f9e000,0x0000000122f9e000] _byte_map_base: 0x000000011ef9e000

Marking Bits (Prev, Next): (CMBitMap*) 0x00007f9a2782e418, (CMBitMap*) 0x00007f9a2782e450
 Prev Bits: [0x0000000123f9e000, 0x000000012bf9e000)
 Next Bits: [0x000000012bf9e000, 0x0000000133f9e000)

Polling page: 0x0000000102c9b000

Metaspace:

Usage:
  Non-class:      4.97 MB capacity,     4.95 MB (>99%) used,    15.91 KB ( <1%) free+waste,     1.56 KB ( <1%) overhead. 
      Class:    497.00 KB capacity,   450.33 KB ( 91%) used,    45.86 KB (  9%) free+waste,   832 bytes ( <1%) overhead. 
       Both:      5.45 MB capacity,     5.39 MB ( 99%) used,    61.77 KB (  1%) free+waste,     2.38 KB ( <1%) overhead. 

Virtual space:
  Non-class space:        8.00 MB reserved,       5.00 MB ( 62%) committed 
      Class space:        1.00 GB reserved,     512.00 KB ( <1%) committed 
             Both:        1.01 GB reserved,       5.50 MB ( <1%) committed 

Chunk freelists:
   Non-Class:  6.00 KB
       Class:  15.00 KB
        Both:  21.00 KB

MaxMetaspaceSize: unlimited
CompressedClassSpaceSize: 1.00 GB
Initial GC threshold: 20.80 MB
Current GC threshold: 20.80 MB
CDS: off

CodeHeap 'non-profiled nmethods': size=120032Kb used=73Kb max_used=73Kb free=119958Kb
 bounds [0x0000000119a66000, 0x0000000119cd6000, 0x0000000120f9e000]
CodeHeap 'profiled nmethods': size=120028Kb used=395Kb max_used=395Kb free=119632Kb
 bounds [0x000000011252f000, 0x000000011279f000, 0x0000000119a66000]
CodeHeap 'non-nmethods': size=5700Kb used=1079Kb max_used=1091Kb free=4620Kb
 bounds [0x0000000111f9e000, 0x000000011220e000, 0x000000011252f000]
 total_blobs=590 nmethods=268 adapters=237
 compilation: enabled
              stopped_count=0, restarted_count=0
 full_count=0

Compilation events (20 events):
Event: 0.208 Thread 0x00007f9a27997800  256       1       java.net.URL::getRef (5 bytes)
Event: 0.208 Thread 0x00007f9a27997800 nmethod 256 0x0000000119a77490 code [0x0000000119a77640, 0x0000000119a776f0]
Event: 0.209 Thread 0x00007f9a27997800  258       3       java.lang.String::regionMatches (150 bytes)
Event: 0.210 Thread 0x00007f9a27997800 nmethod 258 0x0000000112584f90 code [0x0000000112585200, 0x0000000112585ba0]
Event: 0.211 Thread 0x00007f9a27043800 nmethod 252 0x0000000119a77b90 code [0x0000000119a77d20, 0x0000000119a77ef8]
Event: 0.211 Thread 0x00007f9a27043800  259       4       java.lang.StringLatin1::lastIndexOf (40 bytes)
Event: 0.211 Thread 0x00007f9a27997800  260       3       java.util.zip.ZipFile$Source::getEntryPos (9 bytes)
Event: 0.211 Thread 0x00007f9a27997800 nmethod 260 0x0000000112585f10 code [0x00000001125860c0, 0x00000001125861f0]
Event: 0.211 Thread 0x00007f9a27997800  263       3       java.util.zip.ZipFile$ZipEntryIterator::hasNext (17 bytes)
Event: 0.211 Thread 0x00007f9a27997800 nmethod 263 0x0000000112586310 code [0x00000001125864c0, 0x0000000112586610]
Event: 0.211 Thread 0x00007f9a27997800  261       3       java.util.jar.JarFile$JarFileEntry::<init> (16 bytes)
Event: 0.211 Thread 0x00007f9a27997800 nmethod 261 0x0000000112586690 code [0x0000000112586860, 0x0000000112586ac0]
Event: 0.212 Thread 0x00007f9a27997800  262       3       java.util.jar.JarEntry::<init> (6 bytes)
Event: 0.212 Thread 0x00007f9a27997800 nmethod 262 0x0000000112586b90 code [0x0000000112586d40, 0x0000000112586e60]
Event: 0.212 Thread 0x00007f9a27997800  264       3       java.util.zip.ZipUtils::CENATX_PERMS (9 bytes)
Event: 0.212 Thread 0x00007f9a27997800 nmethod 264 0x0000000112586f10 code [0x00000001125870c0, 0x0000000112587250]
Event: 0.213 Thread 0x00007f9a27997800  265       3       java.util.zip.ZipFile::getZipEntry (325 bytes)
Event: 0.213 Thread 0x00007f9a27043800 nmethod 259 0x0000000119a78090 code [0x0000000119a78220, 0x0000000119a78378]
Event: 0.214 Thread 0x00007f9a27997800 nmethod 265 0x0000000112587390 code [0x0000000112587740, 0x0000000112589600]
Event: 0.214 Thread 0x00007f9a27997800  266   !   3       java.net.URL::<init> (543 bytes)

GC Heap History (0 events):
No events

Deoptimization events (20 events):
Event: 0.148 Thread 0x00007f9a2701b000 DEOPT PACKING pc=0x0000000112550e43 sp=0x0000000309c19a00
Event: 0.148 Thread 0x00007f9a2701b000 DEOPT UNPACKING pc=0x0000000111fe862b sp=0x0000000309c18ef0 mode 0
Event: 0.148 Thread 0x00007f9a2701b000 DEOPT PACKING pc=0x0000000112550e43 sp=0x0000000309c19a00
Event: 0.148 Thread 0x00007f9a2701b000 DEOPT UNPACKING pc=0x0000000111fe862b sp=0x0000000309c18ef0 mode 0
Event: 0.148 Thread 0x00007f9a2701b000 DEOPT PACKING pc=0x0000000112550e43 sp=0x0000000309c19a00
Event: 0.148 Thread 0x00007f9a2701b000 DEOPT UNPACKING pc=0x0000000111fe862b sp=0x0000000309c18ef0 mode 0
Event: 0.148 Thread 0x00007f9a2701b000 DEOPT PACKING pc=0x0000000112550e43 sp=0x0000000309c19a00
Event: 0.148 Thread 0x00007f9a2701b000 DEOPT UNPACKING pc=0x0000000111fe862b sp=0x0000000309c18ef0 mode 0
Event: 0.149 Thread 0x00007f9a2701b000 DEOPT PACKING pc=0x0000000112550e43 sp=0x0000000309c19a00
Event: 0.149 Thread 0x00007f9a2701b000 DEOPT UNPACKING pc=0x0000000111fe862b sp=0x0000000309c18ef0 mode 0
Event: 0.150 Thread 0x00007f9a2701b000 DEOPT PACKING pc=0x0000000112550e43 sp=0x0000000309c19a00
Event: 0.150 Thread 0x00007f9a2701b000 DEOPT UNPACKING pc=0x0000000111fe862b sp=0x0000000309c18ef0 mode 0
Event: 0.150 Thread 0x00007f9a2701b000 DEOPT PACKING pc=0x0000000112550e43 sp=0x0000000309c19a00
Event: 0.150 Thread 0x00007f9a2701b000 DEOPT UNPACKING pc=0x0000000111fe862b sp=0x0000000309c18ef0 mode 0
Event: 0.150 Thread 0x00007f9a2701b000 DEOPT PACKING pc=0x0000000112550e43 sp=0x0000000309c19a00
Event: 0.150 Thread 0x00007f9a2701b000 DEOPT UNPACKING pc=0x0000000111fe862b sp=0x0000000309c18ef0 mode 0
Event: 0.180 Thread 0x00007f9a2701b000 DEOPT PACKING pc=0x0000000112557a4f sp=0x0000000309c17540
Event: 0.180 Thread 0x00007f9a2701b000 DEOPT UNPACKING pc=0x0000000111fe862b sp=0x0000000309c16a00 mode 0
Event: 0.208 Thread 0x00007f9a2701b000 DEOPT PACKING pc=0x0000000112536d8d sp=0x0000000309c1b3f0
Event: 0.208 Thread 0x00007f9a2701b000 DEOPT UNPACKING pc=0x0000000111fe862b sp=0x0000000309c1a898 mode 0

Classes redefined (0 events):
No events

Internal exceptions (0 events):
No events

Events (20 events):
Event: 0.209 loading class org/apache/camel/main/MainSupport$7
Event: 0.209 loading class org/apache/camel/main/MainSupport$7 done
Event: 0.209 loading class org/apache/camel/main/MainSupport$8
Event: 0.209 loading class org/apache/camel/main/MainSupport$8 done
Event: 0.210 loading class org/apache/camel/spi/Registry
Event: 0.210 loading class org/apache/camel/spi/Registry done
Event: 0.210 loading class java/lang/IllegalStateException
Event: 0.210 loading class java/lang/IllegalStateException done
Event: 0.210 loading class org/apache/camel/CamelContext
Event: 0.210 loading class org/apache/camel/CamelContext done
Event: 0.212 loading class org/apache/camel/RuntimeConfiguration
Event: 0.212 loading class org/apache/camel/RuntimeConfiguration done
Event: 0.213 loading class java/lang/PublicMethods$MethodList
Event: 0.213 loading class java/lang/PublicMethods$MethodList done
Event: 0.214 loading class java/lang/PublicMethods$Key
Event: 0.214 loading class java/lang/PublicMethods$Key done
Event: 0.214 loading class org/apache/camel/spring/boot/CamelSpringBootApplicationController
Event: 0.214 loading class org/apache/camel/spring/boot/CamelSpringBootApplicationController done
Event: 0.215 loading class java/lang/Class$EnclosingMethodInfo
Event: 0.215 loading class java/lang/Class$EnclosingMethodInfo done


Dynamic libraries:
0x000000010b2ca000 	/Users/alanlee/.p2/pool/plugins/org.eclipse.justj.openjdk.hotspot.jre.full.macosx.x86_64_11.0.18.v20230129-1042/jre/lib/jli/libjli.dylib
0x00007ff81bf40000 	/System/Library/Frameworks/Cocoa.framework/Versions/A/Cocoa
0x00007ff80760f000 	/System/Library/Frameworks/AppKit.framework/Versions/C/AppKit
0x00007ff80ab84000 	/System/Library/Frameworks/CoreData.framework/Versions/A/CoreData
0x00007ff805a12000 	/System/Library/Frameworks/Foundation.framework/Versions/C/Foundation
0x00007ff80fe09000 	/usr/lib/libSystem.B.dylib
0x00007ff80849f000 	/System/Library/PrivateFrameworks/UIFoundation.framework/Versions/A/UIFoundation
0x00007ff815e3d000 	/System/Library/PrivateFrameworks/RemoteViewServices.framework/Versions/A/RemoteViewServices
0x00007ff80e0d4000 	/System/Library/PrivateFrameworks/XCTTargetBootstrap.framework/Versions/A/XCTTargetBootstrap
0x00007ff811cd3000 	/System/Library/PrivateFrameworks/InternationalSupport.framework/Versions/A/InternationalSupport
0x00007ff811d5d000 	/System/Library/PrivateFrameworks/UserActivity.framework/Versions/A/UserActivity
0x00007ff8110b3000 	/usr/lib/libspindump.dylib
0x00007ff80872e000 	/System/Library/Frameworks/UniformTypeIdentifiers.framework/Versions/A/UniformTypeIdentifiers
0x00007ff80c7f8000 	/usr/lib/libapp_launch_measurement.dylib
0x00007ff80b567000 	/System/Library/PrivateFrameworks/CoreAnalytics.framework/Versions/A/CoreAnalytics
0x00007ff80c7fb000 	/System/Library/PrivateFrameworks/CoreAutoLayout.framework/Versions/A/CoreAutoLayout
0x00007ff80da2b000 	/System/Library/Frameworks/Metal.framework/Versions/A/Metal
0x00007ff80e75b000 	/usr/lib/liblangid.dylib
0x00007ff80e0d9000 	/System/Library/PrivateFrameworks/CoreSVG.framework/Versions/A/CoreSVG
0x00007ff809b1a000 	/System/Library/PrivateFrameworks/SkyLight.framework/Versions/A/SkyLight
0x00007ff809eb9000 	/System/Library/Frameworks/CoreGraphics.framework/Versions/A/CoreGraphics
0x00007ff8164fd000 	/System/Library/Frameworks/Accelerate.framework/Versions/A/Accelerate
0x00007ff810b32000 	/System/Library/PrivateFrameworks/IconServices.framework/Versions/A/IconServices
0x00007ff80da10000 	/System/Library/Frameworks/IOSurface.framework/Versions/A/IOSurface
0x00007ff80b595000 	/usr/lib/libDiagnosticMessagesClient.dylib
0x00007ff80fd23000 	/usr/lib/libz.1.dylib
0x00007ff819be4000 	/System/Library/Frameworks/ApplicationServices.framework/Versions/A/ApplicationServices
0x00007ff80e0c0000 	/System/Library/PrivateFrameworks/DFRFoundation.framework/Versions/A/DFRFoundation
0x00007ff806ef7000 	/usr/lib/libicucore.A.dylib
0x00007ff812ac9000 	/System/Library/Frameworks/AudioToolbox.framework/Versions/A/AudioToolbox
0x00007ff811cdf000 	/System/Library/PrivateFrameworks/DataDetectorsCore.framework/Versions/A/DataDetectorsCore
0x00007ff90df39000 	/System/Library/PrivateFrameworks/TextInput.framework/Versions/A/TextInput
0x00007ff809a9d000 	/usr/lib/libMobileGestalt.dylib
0x00007ff80ddcc000 	/System/Library/Frameworks/Carbon.framework/Versions/A/Frameworks/HIToolbox.framework/Versions/A/HIToolbox
0x00007ff80c1fa000 	/System/Library/Frameworks/QuartzCore.framework/Versions/A/QuartzCore
0x00007ff806b9c000 	/System/Library/Frameworks/Security.framework/Versions/A/Security
0x00007ff815e75000 	/System/Library/Frameworks/Carbon.framework/Versions/A/Frameworks/SpeechRecognition.framework/Versions/A/SpeechRecognition
0x00007ff80c558000 	/System/Library/PrivateFrameworks/CoreUI.framework/Versions/A/CoreUI
0x00007ff806466000 	/System/Library/Frameworks/CoreAudio.framework/Versions/A/CoreAudio
0x00007ff80b684000 	/System/Library/Frameworks/DiskArbitration.framework/Versions/A/DiskArbitration
0x00007ff8114a1000 	/System/Library/PrivateFrameworks/MultitouchSupport.framework/Versions/A/MultitouchSupport
0x00007ff809a9c000 	/usr/lib/libenergytrace.dylib
0x00007ff8074fb000 	/System/Library/Frameworks/IOKit.framework/Versions/A/IOKit
0x00007ff816265000 	/System/Library/Frameworks/CoreServices.framework/Versions/A/CoreServices
0x00007ff80c792000 	/System/Library/PrivateFrameworks/PerformanceAnalysis.framework/Versions/A/PerformanceAnalysis
0x00007ffa1da12000 	/System/Library/Frameworks/OpenGL.framework/Versions/A/OpenGL
0x00007ff80f33f000 	/System/Library/PrivateFrameworks/MobileKeyBag.framework/Versions/A/MobileKeyBag
0x00007ff804aa2000 	/usr/lib/libobjc.A.dylib
0x00007ff80a5e3000 	/System/Library/Frameworks/ColorSync.framework/Versions/A/ColorSync
0x00007ff804c5c000 	/System/Library/Frameworks/CoreFoundation.framework/Versions/A/CoreFoundation
0x00007ff80e351000 	/System/Library/Frameworks/CoreImage.framework/Versions/A/CoreImage
0x00007ff80627a000 	/System/Library/Frameworks/CoreText.framework/Versions/A/CoreText
0x00007ff80e109000 	/System/Library/Frameworks/ImageIO.framework/Versions/A/ImageIO
0x00007ff80fe0f000 	/System/Library/PrivateFrameworks/SoftLinking.framework/Versions/A/SoftLinking
0x00007ff80c843000 	/usr/lib/libxml2.2.dylib
0x00007ff804b68000 	/usr/lib/libc++.1.dylib
0x00007ff810090000 	/usr/lib/libcompression.dylib
0x00007ff811c06000 	/System/Library/PrivateFrameworks/TextureIO.framework/Versions/A/TextureIO
0x00007ff8107aa000 	/usr/lib/libate.dylib
0x00007ff80fe04000 	/usr/lib/system/libcache.dylib
0x00007ff80fdc0000 	/usr/lib/system/libcommonCrypto.dylib
0x00007ff80fde9000 	/usr/lib/system/libcompiler_rt.dylib
0x00007ff80fddf000 	/usr/lib/system/libcopyfile.dylib
0x00007ff80499d000 	/usr/lib/system/libcorecrypto.dylib
0x00007ff804a5b000 	/usr/lib/system/libdispatch.dylib
0x00007ff804c1b000 	/usr/lib/system/libdyld.dylib
0x00007ff80fdfb000 	/usr/lib/system/libkeymgr.dylib
0x00007ff80fd9e000 	/usr/lib/system/libmacho.dylib
0x00007ff80f419000 	/usr/lib/system/libquarantine.dylib
0x00007ff80fdf9000 	/usr/lib/system/libremovefile.dylib
0x00007ff809aea000 	/usr/lib/system/libsystem_asl.dylib
0x00007ff804946000 	/usr/lib/system/libsystem_blocks.dylib
0x00007ff804adf000 	/usr/lib/system/libsystem_c.dylib
0x00007ff80fdf1000 	/usr/lib/system/libsystem_collections.dylib
0x00007ff80e74b000 	/usr/lib/system/libsystem_configuration.dylib
0x00007ff80d9f3000 	/usr/lib/system/libsystem_containermanager.dylib
0x00007ff80fad0000 	/usr/lib/system/libsystem_coreservices.dylib
0x00007ff80718b000 	/usr/lib/system/libsystem_darwin.dylib
0x00007ff80fdfc000 	/usr/lib/system/libsystem_dnssd.dylib
0x00007ff804adc000 	/usr/lib/system/libsystem_featureflags.dylib
0x00007ff804c31000 	/usr/lib/system/libsystem_info.dylib
0x00007ff80fd36000 	/usr/lib/system/libsystem_m.dylib
0x00007ff804a2f000 	/usr/lib/system/libsystem_malloc.dylib
0x00007ff809a85000 	/usr/lib/system/libsystem_networkextension.dylib
0x00007ff8075b1000 	/usr/lib/system/libsystem_notify.dylib
0x00007ff81613a000 	/usr/lib/system/libsystem_product_info_filter.dylib
0x00007ff80e74f000 	/usr/lib/system/libsystem_sandbox.dylib
0x00007ff80fdf6000 	/usr/lib/system/libsystem_secinit.dylib
0x00007ff804bd7000 	/usr/lib/system/libsystem_kernel.dylib
0x00007ff804c27000 	/usr/lib/system/libsystem_platform.dylib
0x00007ff804c0f000 	/usr/lib/system/libsystem_pthread.dylib
0x00007ff80b3a7000 	/usr/lib/system/libsystem_symptoms.dylib
0x00007ff804984000 	/usr/lib/system/libsystem_trace.dylib
0x00007ff80fdcc000 	/usr/lib/system/libunwind.dylib
0x00007ff804948000 	/usr/lib/system/libxpc.dylib
0x00007ff804bc1000 	/usr/lib/libc++abi.dylib
0x00007ff80fdd7000 	/usr/lib/liboah.dylib
0x00007ff810568000 	/usr/lib/liblzma.5.dylib
0x00007ff805724000 	/System/Library/Frameworks/SystemConfiguration.framework/Versions/A/SystemConfiguration
0x00007ff80fe0b000 	/usr/lib/libfakelink.dylib
0x00007ff8095f5000 	/System/Library/Frameworks/CFNetwork.framework/Versions/A/CFNetwork
0x00007ff80ff4c000 	/usr/lib/libarchive.2.dylib
0x00007ff80e757000 	/System/Library/PrivateFrameworks/AppleSystemInfo.framework/Versions/A/AppleSystemInfo
0x00007ff80f440000 	/usr/lib/libbsm.0.dylib
0x00007ff808c04000 	/usr/lib/libnetwork.dylib
0x00007ff80fda4000 	/usr/lib/system/libkxld.dylib
0x00007ff80f073000 	/System/Library/PrivateFrameworks/IOMobileFramebuffer.framework/Versions/A/IOMobileFramebuffer
0x00007ffb1d3dd000 	/usr/lib/libCoreEntitlements.dylib
0x00007ff80fab2000 	/System/Library/PrivateFrameworks/AppleFSCompression.framework/Versions/A/AppleFSCompression
0x00007ff80f428000 	/usr/lib/libcoretls.dylib
0x00007ff810582000 	/usr/lib/libcoretls_cfhelpers.dylib
0x00007ff81008b000 	/usr/lib/libpam.2.dylib
0x00007ff80afc9000 	/usr/lib/libsqlite3.dylib
0x00007ff8105f1000 	/usr/lib/libxar.1.dylib
0x00007ff80fac2000 	/usr/lib/libbz2.1.0.dylib
0x00007ff80fe10000 	/usr/lib/libpcap.A.dylib
0x00007ff80b39f000 	/usr/lib/libdns_services.dylib
0x00007ff81005e000 	/usr/lib/libapple_nghttp2.dylib
0x00007ff80fe4a000 	/usr/lib/libiconv.2.dylib
0x00007ff80fd9d000 	/usr/lib/libcharset.1.dylib
0x00007ff80c7c6000 	/System/Library/Frameworks/CoreServices.framework/Versions/A/Frameworks/FSEvents.framework/Versions/A/FSEvents
0x00007ff807195000 	/System/Library/Frameworks/CoreServices.framework/Versions/A/Frameworks/CarbonCore.framework/Versions/A/CarbonCore
0x00007ff80b5e8000 	/System/Library/Frameworks/CoreServices.framework/Versions/A/Frameworks/Metadata.framework/Versions/A/Metadata
0x00007ff80fad5000 	/System/Library/Frameworks/CoreServices.framework/Versions/A/Frameworks/OSServices.framework/Versions/A/OSServices
0x00007ff80ffd3000 	/System/Library/Frameworks/CoreServices.framework/Versions/A/Frameworks/SearchKit.framework/Versions/A/SearchKit
0x00007ff80b331000 	/System/Library/Frameworks/CoreServices.framework/Versions/A/Frameworks/AE.framework/Versions/A/AE
0x00007ff805161000 	/System/Library/Frameworks/CoreServices.framework/Versions/A/Frameworks/LaunchServices.framework/Versions/A/LaunchServices
0x00007ff810519000 	/System/Library/Frameworks/CoreServices.framework/Versions/A/Frameworks/DictionaryServices.framework/Versions/A/DictionaryServices
0x00007ff80c7d3000 	/System/Library/Frameworks/CoreServices.framework/Versions/A/Frameworks/SharedFileList.framework/Versions/A/SharedFileList
0x00007ff80f41c000 	/usr/lib/libCheckFix.dylib
0x00007ff809b01000 	/System/Library/PrivateFrameworks/TCC.framework/Versions/A/TCC
0x00007ff80e75d000 	/System/Library/PrivateFrameworks/CoreNLP.framework/Versions/A/CoreNLP
0x00007ff80b598000 	/System/Library/PrivateFrameworks/MetadataUtilities.framework/Versions/A/MetadataUtilities
0x00007ff8057d5000 	/usr/lib/libmecabra.dylib
0x00007ff80f450000 	/usr/lib/libmecab.dylib
0x00007ff8057a0000 	/usr/lib/libCRFSuite.dylib
0x00007ff80f4aa000 	/usr/lib/libgermantok.dylib
0x00007ff810039000 	/usr/lib/libThaiTokenizer.dylib
0x00007ff80b68b000 	/System/Library/Frameworks/Accelerate.framework/Versions/A/Frameworks/vImage.framework/Versions/A/vImage
0x00007ff81623c000 	/System/Library/Frameworks/Accelerate.framework/Versions/A/Frameworks/vecLib.framework/Versions/A/vecLib
0x00007ff810632000 	/System/Library/Frameworks/Accelerate.framework/Versions/A/Frameworks/vecLib.framework/Versions/A/libvMisc.dylib
0x00007ff80ee72000 	/System/Library/Frameworks/Accelerate.framework/Versions/A/Frameworks/vecLib.framework/Versions/A/libvDSP.dylib
0x00007ff8054dc000 	/System/Library/Frameworks/Accelerate.framework/Versions/A/Frameworks/vecLib.framework/Versions/A/libBLAS.dylib
0x00007ff81016e000 	/System/Library/Frameworks/Accelerate.framework/Versions/A/Frameworks/vecLib.framework/Versions/A/libLAPACK.dylib
0x00007ff80f4ad000 	/System/Library/Frameworks/Accelerate.framework/Versions/A/Frameworks/vecLib.framework/Versions/A/libLinearAlgebra.dylib
0x00007ff810076000 	/System/Library/Frameworks/Accelerate.framework/Versions/A/Frameworks/vecLib.framework/Versions/A/libSparseBLAS.dylib
0x00007ff810168000 	/System/Library/Frameworks/Accelerate.framework/Versions/A/Frameworks/vecLib.framework/Versions/A/libQuadrature.dylib
0x00007ff80e848000 	/System/Library/Frameworks/Accelerate.framework/Versions/A/Frameworks/vecLib.framework/Versions/A/libBNNS.dylib
0x00007ff8056ae000 	/System/Library/Frameworks/Accelerate.framework/Versions/A/Frameworks/vecLib.framework/Versions/A/libSparse.dylib
0x00007ff80e841000 	/System/Library/PrivateFrameworks/LinguisticData.framework/Versions/A/LinguisticData
0x00007ff805664000 	/System/Library/PrivateFrameworks/Lexicon.framework/Versions/A/Lexicon
0x00007ff81062b000 	/usr/lib/libChineseTokenizer.dylib
0x00007ff805dcf000 	/System/Library/PrivateFrameworks/LanguageModeling.framework/Versions/A/LanguageModeling
0x00007ff81003b000 	/System/Library/PrivateFrameworks/AppleSauce.framework/Versions/A/AppleSauce
0x00007ff80f061000 	/System/Library/PrivateFrameworks/CoreEmoji.framework/Versions/A/CoreEmoji
0x00007ff80ff3b000 	/usr/lib/libcmph.dylib
0x00007ff80c7aa000 	/System/Library/Frameworks/OpenDirectory.framework/Versions/A/Frameworks/CFOpenDirectory.framework/Versions/A/CFOpenDirectory
0x00007ff80c79e000 	/System/Library/Frameworks/OpenDirectory.framework/Versions/A/OpenDirectory
0x00007ff810584000 	/System/Library/PrivateFrameworks/APFS.framework/Versions/A/APFS
0x00007ff80f377000 	/System/Library/Frameworks/SecurityFoundation.framework/Versions/A/SecurityFoundation
0x00007ff8105ff000 	/usr/lib/libutil.dylib
0x00007ff8074bf000 	/System/Library/PrivateFrameworks/CoreServicesStore.framework/Versions/A/CoreServicesStore
0x00007ff810603000 	/usr/lib/libxslt.1.dylib
0x00007ff80f404000 	/System/Library/PrivateFrameworks/BackgroundTaskManagement.framework/Versions/A/BackgroundTaskManagement
0x00007ff811b27000 	/System/Library/Frameworks/ImageIO.framework/Versions/A/Resources/libRadiance.dylib
0x00007ff811b30000 	/System/Library/Frameworks/ImageIO.framework/Versions/A/Resources/libJPEG.dylib
0x00007ff811a80000 	/System/Library/Frameworks/ImageIO.framework/Versions/A/Resources/libPng.dylib
0x00007ff811aa1000 	/System/Library/Frameworks/ImageIO.framework/Versions/A/Resources/libTIFF.dylib
0x00007ff811b8f000 	/System/Library/Frameworks/ImageIO.framework/Versions/A/Resources/libGIF.dylib
0x00007ff8113bd000 	/System/Library/Frameworks/ImageIO.framework/Versions/A/Resources/libJP2.dylib
0x00007ff810af8000 	/usr/lib/libexpat.1.dylib
0x00007ff811372000 	/System/Library/PrivateFrameworks/AppleJPEG.framework/Versions/A/AppleJPEG
0x00007ff80dc90000 	/System/Library/PrivateFrameworks/FontServices.framework/libFontParser.dylib
0x00007ff80b2db000 	/System/Library/PrivateFrameworks/RunningBoardServices.framework/Versions/A/RunningBoardServices
0x00007ff81c4fb000 	/System/Library/PrivateFrameworks/IOSurfaceAccelerator.framework/Versions/A/IOSurfaceAccelerator
0x00007ff81149d000 	/System/Library/PrivateFrameworks/WatchdogClient.framework/Versions/A/WatchdogClient
0x00007ff805ebd000 	/System/Library/Frameworks/CoreDisplay.framework/Versions/A/CoreDisplay
0x00007ff80db8e000 	/System/Library/Frameworks/CoreMedia.framework/Versions/A/CoreMedia
0x00007ff80da22000 	/System/Library/PrivateFrameworks/IOAccelerator.framework/Versions/A/IOAccelerator
0x00007ff80c927000 	/System/Library/Frameworks/CoreVideo.framework/Versions/A/CoreVideo
0x00007ff810089000 	/System/Library/Frameworks/MetalPerformanceShaders.framework/Versions/A/MetalPerformanceShaders
0x00007ff8114da000 	/System/Library/Frameworks/VideoToolbox.framework/Versions/A/VideoToolbox
0x00007ff80b225000 	/System/Library/PrivateFrameworks/BaseBoard.framework/Versions/A/BaseBoard
0x00007ff80afaf000 	/System/Library/PrivateFrameworks/ProtocolBuffer.framework/Versions/A/ProtocolBuffer
0x00007ff811b20000 	/System/Library/PrivateFrameworks/GPUWrangler.framework/Versions/A/GPUWrangler
0x00007ff811b04000 	/System/Library/PrivateFrameworks/IOPresentment.framework/Versions/A/IOPresentment
0x00007ff811b2a000 	/System/Library/PrivateFrameworks/DSExternalDisplay.framework/Versions/A/DSExternalDisplay
0x00007ffa1da06000 	/System/Library/Frameworks/OpenGL.framework/Versions/A/Libraries/libCoreFSCache.dylib
0x00007ffb0aacc000 	/System/Library/PrivateFrameworks/GPUCompiler.framework/Versions/31001/Libraries/libGPUCompilerUtils.dylib
0x00007ff811b94000 	/System/Library/PrivateFrameworks/CMCaptureCore.framework/Versions/A/CMCaptureCore
0x00007ff8110a1000 	/System/Library/PrivateFrameworks/AppServerSupport.framework/Versions/A/AppServerSupport
0x00007ff813362000 	/System/Library/PrivateFrameworks/perfdata.framework/Versions/A/perfdata
0x00007ff805fe9000 	/System/Library/PrivateFrameworks/AudioToolboxCore.framework/Versions/A/AudioToolboxCore
0x00007ff80db6c000 	/System/Library/PrivateFrameworks/caulk.framework/Versions/A/caulk
0x00007ff812c74000 	/usr/lib/libAudioStatistics.dylib
0x00007ff90a6c7000 	/System/Library/PrivateFrameworks/SystemPolicy.framework/Versions/A/SystemPolicy
0x00007ff812ecf000 	/usr/lib/libSMC.dylib
0x00007ff81bdf3000 	/System/Library/Frameworks/CoreMIDI.framework/Versions/A/CoreMIDI
0x00007ff811a4f000 	/usr/lib/libAudioToolboxUtility.dylib
0x00007ff9068ef000 	/System/Library/PrivateFrameworks/OSAServicesClient.framework/Versions/A/OSAServicesClient
0x00007ff81336f000 	/usr/lib/libperfcheck.dylib
0x00007ff90b174000 	/usr/lib/libmis.dylib
0x00007ffa1da61000 	/System/Library/Frameworks/OpenGL.framework/Versions/A/Libraries/libGLU.dylib
0x00007ffa1da25000 	/System/Library/Frameworks/OpenGL.framework/Versions/A/Libraries/libGFXShared.dylib
0x00007ffa1dc2e000 	/System/Library/Frameworks/OpenGL.framework/Versions/A/Libraries/libGL.dylib
0x00007ffa1da2e000 	/System/Library/Frameworks/OpenGL.framework/Versions/A/Libraries/libGLImage.dylib
0x00007ffa1da22000 	/System/Library/Frameworks/OpenGL.framework/Versions/A/Libraries/libCVMSPluginSupport.dylib
0x00007ffa1da0d000 	/System/Library/Frameworks/OpenGL.framework/Versions/A/Libraries/libCoreVMClient.dylib
0x00007ff80e6d9000 	/System/Library/Frameworks/MetalPerformanceShaders.framework/Versions/A/Frameworks/MPSCore.framework/Versions/A/MPSCore
0x00007ff80fa1d000 	/System/Library/Frameworks/MetalPerformanceShaders.framework/Versions/A/Frameworks/MPSImage.framework/Versions/A/MPSImage
0x00007ff80f4c3000 	/System/Library/Frameworks/MetalPerformanceShaders.framework/Versions/A/Frameworks/MPSNeuralNetwork.framework/Versions/A/MPSNeuralNetwork
0x00007ff80f937000 	/System/Library/Frameworks/MetalPerformanceShaders.framework/Versions/A/Frameworks/MPSMatrix.framework/Versions/A/MPSMatrix
0x00007ff80f6f2000 	/System/Library/Frameworks/MetalPerformanceShaders.framework/Versions/A/Frameworks/MPSRayIntersector.framework/Versions/A/MPSRayIntersector
0x00007ff80f96f000 	/System/Library/Frameworks/MetalPerformanceShaders.framework/Versions/A/Frameworks/MPSNDArray.framework/Versions/A/MPSNDArray
0x00007ffa234e6000 	/System/Library/Frameworks/MetalPerformanceShaders.framework/Versions/A/Frameworks/MPSFunctions.framework/Versions/A/MPSFunctions
0x00007ff8053b8000 	/System/Library/PrivateFrameworks/MetalTools.framework/Versions/A/MetalTools
0x00007ff80e755000 	/System/Library/PrivateFrameworks/AggregateDictionary.framework/Versions/A/AggregateDictionary
0x00007ff8108da000 	/usr/lib/libIOReport.dylib
0x00007ffa1f03d000 	/System/Library/Frameworks/OpenCL.framework/Versions/A/OpenCL
0x00007ff810c3f000 	/System/Library/PrivateFrameworks/FaceCore.framework/Versions/A/FaceCore
0x00007ff810c30000 	/System/Library/PrivateFrameworks/GraphVisualizer.framework/Versions/A/GraphVisualizer
0x00007ffb0a9d7000 	/System/Library/PrivateFrameworks/FontServices.framework/Versions/A/FontServices
0x00007ff811059000 	/System/Library/PrivateFrameworks/OTSVG.framework/Versions/A/OTSVG
0x00007ff80c50d000 	/System/Library/Frameworks/ApplicationServices.framework/Versions/A/Frameworks/ATS.framework/Versions/A/Resources/libFontRegistry.dylib
0x00007ff8110a9000 	/System/Library/PrivateFrameworks/FontServices.framework/libhvf.dylib
0x00007ffb0a9d8000 	/System/Library/PrivateFrameworks/FontServices.framework/libXTFontStaticRegistryData.dylib
0x00007ff810aa8000 	/System/Library/PrivateFrameworks/AppleVA.framework/Versions/A/AppleVA
0x00007ff812c94000 	/System/Library/Frameworks/ApplicationServices.framework/Versions/A/Frameworks/ATS.framework/Versions/A/ATS
0x00007ff80a6e1000 	/System/Library/Frameworks/ApplicationServices.framework/Versions/A/Frameworks/HIServices.framework/Versions/A/HIServices
0x00007ff811b9e000 	/System/Library/Frameworks/ApplicationServices.framework/Versions/A/Frameworks/PrintCore.framework/Versions/A/PrintCore
0x00007ff813022000 	/System/Library/Frameworks/ApplicationServices.framework/Versions/A/Frameworks/QD.framework/Versions/A/QD
0x00007ff81301a000 	/System/Library/Frameworks/ApplicationServices.framework/Versions/A/Frameworks/ColorSyncLegacy.framework/Versions/A/ColorSyncLegacy
0x00007ff812c84000 	/System/Library/Frameworks/ApplicationServices.framework/Versions/A/Frameworks/SpeechSynthesis.framework/Versions/A/SpeechSynthesis
0x00007ff811b5f000 	/System/Library/Frameworks/ApplicationServices.framework/Versions/A/Frameworks/ATSUI.framework/Versions/A/ATSUI
0x00007ff812faf000 	/usr/lib/libcups.2.dylib
0x00007ff81337e000 	/System/Library/Frameworks/Kerberos.framework/Versions/A/Kerberos
0x00007ff81338d000 	/System/Library/Frameworks/GSS.framework/Versions/A/GSS
0x00007ff812d00000 	/usr/lib/libresolv.9.dylib
0x00007ff8110b8000 	/System/Library/PrivateFrameworks/Heimdal.framework/Versions/A/Heimdal
0x00007ff819f76000 	/System/Library/Frameworks/Kerberos.framework/Versions/A/Libraries/libHeimdalProxy.dylib
0x00007ff80b3af000 	/System/Library/Frameworks/Network.framework/Versions/A/Network
0x00007ff810b13000 	/usr/lib/libheimdal-asn1.dylib
0x00007ff8133d8000 	/System/Library/PrivateFrameworks/CommonAuth.framework/Versions/A/CommonAuth
0x00007ff812c06000 	/System/Library/PrivateFrameworks/AudioSession.framework/Versions/A/AudioSession
0x00007ff810ba3000 	/System/Library/PrivateFrameworks/MediaExperience.framework/Versions/A/MediaExperience
0x00007ff812a98000 	/System/Library/PrivateFrameworks/AudioSession.framework/libSessionUtility.dylib
0x00007ff81302e000 	/System/Library/PrivateFrameworks/AudioResourceArbitration.framework/Versions/A/AudioResourceArbitration
0x00007ff8170af000 	/System/Library/PrivateFrameworks/PowerLog.framework/Versions/A/PowerLog
0x00007ff810b1c000 	/System/Library/PrivateFrameworks/IconFoundation.framework/Versions/A/IconFoundation
0x00007ff815e65000 	/System/Library/PrivateFrameworks/SpeechRecognitionCore.framework/Versions/A/SpeechRecognitionCore
0x000000010c0cf000 	/Users/alanlee/.p2/pool/plugins/org.eclipse.justj.openjdk.hotspot.jre.full.macosx.x86_64_11.0.18.v20230129-1042/jre/lib/server/libjvm.dylib
0x000000010b3ab000 	/Users/alanlee/.p2/pool/plugins/org.eclipse.justj.openjdk.hotspot.jre.full.macosx.x86_64_11.0.18.v20230129-1042/jre/lib/libverify.dylib
0x000000010b3d0000 	/Users/alanlee/.p2/pool/plugins/org.eclipse.justj.openjdk.hotspot.jre.full.macosx.x86_64_11.0.18.v20230129-1042/jre/lib/libjava.dylib
0x000000010b33d000 	/Users/alanlee/.p2/pool/plugins/org.eclipse.justj.openjdk.hotspot.jre.full.macosx.x86_64_11.0.18.v20230129-1042/jre/lib/libjimage.dylib
0x000000010b484000 	/Users/alanlee/.p2/pool/plugins/org.eclipse.justj.openjdk.hotspot.jre.full.macosx.x86_64_11.0.18.v20230129-1042/jre/lib/libzip.dylib
0x0000000137d16000 	/Users/alanlee/.p2/pool/plugins/org.eclipse.justj.openjdk.hotspot.jre.full.macosx.x86_64_11.0.18.v20230129-1042/jre/lib/libnio.dylib
0x0000000137d5b000 	/Users/alanlee/.p2/pool/plugins/org.eclipse.justj.openjdk.hotspot.jre.full.macosx.x86_64_11.0.18.v20230129-1042/jre/lib/libnet.dylib


VM Arguments:
jvm_args: -Dfile.encoding=UTF-8 
java_command: org.apache.camel.spring.boot.CamelSpringBootApplicationController$1
java_class_path (initial): /Users/alanlee/eclipse-workspace/FuseTest/target/classes:/Users/alanlee/.m2/repository/org/apache/camel/camel-spring-boot-starter/2.23.2.fuse-7_11_1-00015-redhat-00002/camel-spring-boot-starter-2.23.2.fuse-7_11_1-00015-redhat-00002.jar:/Users/alanlee/.m2/repository/org/springframework/boot/spring-boot-starter/2.5.13/spring-boot-starter-2.5.13.jar:/Users/alanlee/.m2/repository/org/springframework/boot/spring-boot/2.5.13/spring-boot-2.5.13.jar:/Users/alanlee/.m2/repository/org/springframework/boot/spring-boot-autoconfigure/2.5.13/spring-boot-autoconfigure-2.5.13.jar:/Users/alanlee/.m2/repository/org/springframework/boot/spring-boot-starter-logging/2.5.13/spring-boot-starter-logging-2.5.13.jar:/Users/alanlee/.m2/repository/ch/qos/logback/logback-classic/1.2.10/logback-classic-1.2.10.jar:/Users/alanlee/.m2/repository/ch/qos/logback/logback-core/1.2.10/logback-core-1.2.10.jar:/Users/alanlee/.m2/repository/org/apache/logging/log4j/log4j-to-slf4j/2.17.1.redhat-00002/log4j-to-slf4j-2.17.1.redhat-00002.jar:/Users/alanlee/.m2/repository/org/apache/logging/log4j/log4j-api/2.17.1.redhat-00002/log4j-api-2.17.1.redhat-00002.jar:/Users/alanlee/.m2/repository/org/slf4j/jul-to-slf4j/1.7.32.redhat-00001/jul-to-slf4j-1.7.32.redhat-00001.jar:/Users/alanlee/.m2/repository/jakarta/annotation/jakarta.annotation-api/1.3.5/jakarta.annotation-api-1.3.5.jar:/Users/alanlee/.m2/repository/org/springframework/spring-core/5.3.20/spring-core-5.3.20.jar:/Users/alanlee/.m2/repository/org/springframework/spring-jcl/5.3.20/spring-jcl-5.3.20.jar:/Users/alanlee/.m2/repository/org/yaml/snakeyaml/1.32.0.redhat-00001/snakeyaml-1.32.0.redhat-00001.jar:/Users/alanlee/.m2/repository/org/apache/camel/camel-spring-boot/2.23.2.fuse-7_11_1-00015-redhat-00002/camel-spring-boot-2.23.2.fuse-7_11_1-00015-redhat-00002.jar:/Users/alanlee/.m2/repository/org/apache/camel/camel-spring/2.23.2.fuse-7_11_1-00015-redhat-00002/camel-spring-2.23.2.fuse-7_11_1-00015-redhat-00002.jar:/Users/alanlee/.m
Launcher Type: SUN_STANDARD

[Global flags]
     intx CICompilerCount                          = 4                                         {product} {ergonomic}
     uint ConcGCThreads                            = 2                                         {product} {ergonomic}
     uint G1ConcRefinementThreads                  = 9                                         {product} {ergonomic}
   size_t G1HeapRegionSize                         = 2097152                                   {product} {ergonomic}
    uintx GCDrainStackTargetSize                   = 64                                        {product} {ergonomic}
   size_t InitialHeapSize                          = 536870912                                 {product} {ergonomic}
   size_t MarkStackSize                            = 4194304                                   {product} {ergonomic}
   size_t MaxHeapSize                              = 8589934592                                {product} {ergonomic}
   size_t MaxNewSize                               = 5152702464                                {product} {ergonomic}
   size_t MinHeapDeltaBytes                        = 2097152                                   {product} {ergonomic}
    uintx NonNMethodCodeHeapSize                   = 5836300                                {pd product} {ergonomic}
    uintx NonProfiledCodeHeapSize                  = 122910970                              {pd product} {ergonomic}
    uintx ProfiledCodeHeapSize                     = 122910970                              {pd product} {ergonomic}
    uintx ReservedCodeCacheSize                    = 251658240                              {pd product} {ergonomic}
     bool SegmentedCodeCache                       = true                                      {product} {ergonomic}
     bool UseCompressedClassPointers               = true                                 {lp64_product} {ergonomic}
     bool UseCompressedOops                        = true                                 {lp64_product} {ergonomic}
     bool UseG1GC                                  = true                                      {product} {ergonomic}

Logging:
Log output configuration:
 #0: stdout all=warning uptime,level,tags
 #1: stderr all=off uptime,level,tags

Environment Variables:
PATH=/usr/bin:/bin:/usr/sbin:/sbin
SHELL=/bin/zsh
TMPDIR=/var/folders/mx/8dx40_1x03b1pydmd4mt3fpc0000gn/T/

Signal Handlers:
SIGSEGV: [libjvm.dylib+0x7cab9e], sa_mask[0]=11111111111111111111111111111111, sa_flags=SA_ONSTACK|SA_RESTART|SA_SIGINFO
SIGBUS: [libjvm.dylib+0x7cab9e], sa_mask[0]=11111111111111111111111111111111, sa_flags=SA_RESTART|SA_SIGINFO
SIGFPE: [libjvm.dylib+0x7cab9e], sa_mask[0]=11111111111111111111111111111111, sa_flags=SA_RESTART|SA_SIGINFO
SIGPIPE: [libjvm.dylib+0x62f1ee], sa_mask[0]=11111111111111111111111111111111, sa_flags=SA_RESTART|SA_SIGINFO
SIGXFSZ: [libjvm.dylib+0x62f1ee], sa_mask[0]=11111111111111111111111111111111, sa_flags=SA_RESTART|SA_SIGINFO
SIGILL: [libjvm.dylib+0x7cab9e], sa_mask[0]=11111111111111111111111111111111, sa_flags=SA_RESTART|SA_SIGINFO
SIGUSR2: [libjvm.dylib+0x62f7d5], sa_mask[0]=00100000000000000000000000000000, sa_flags=SA_RESTART|SA_SIGINFO
SIGHUP: [libjvm.dylib+0x62e331], sa_mask[0]=11111111111111111111111111111111, sa_flags=SA_RESTART|SA_SIGINFO
SIGINT: [libjvm.dylib+0x62e331], sa_mask[0]=11111111111111111111111111111111, sa_flags=SA_RESTART|SA_SIGINFO
SIGTERM: [libjvm.dylib+0x62e331], sa_mask[0]=11111111111111111111111111111111, sa_flags=SA_RESTART|SA_SIGINFO
SIGQUIT: [libjvm.dylib+0x62e331], sa_mask[0]=11111111111111111111111111111111, sa_flags=SA_RESTART|SA_SIGINFO


---------------  S Y S T E M  ---------------

OS:uname:Darwin 21.6.0 Darwin Kernel Version 21.6.0: Thu Mar  9 20:12:21 PST 2023; root:xnu-8020.240.18.700.8~1/RELEASE_ARM64_T6000 x86_64
OS uptime: 5 days 6:14 hours
rlimit (soft/hard): STACK 8176k/65520k , CORE 0k/infinity , NPROC 5333/8000 , NOFILE 10240/infinity , AS infinity/infinity , CPU infinity/infinity , DATA infinity/infinity , FSIZE infinity/infinity , MEMLOCK infinity/infinity , RSS infinity/infinity
load average:1.14 1.72 1.75

CPU:total 10 (initial active 10) (1 cores per cpu, 1 threads per core) family 6 model 44 stepping 0 microcode 0x0, cmov, cx8, fxsr, mmx, sse, sse2, sse3, ssse3, sse4.1, sse4.2, popcnt, aes, clmul, tsc, tscinvbit, tscinv

Memory: 4k page, physical 33554432k(219152k free), swap 0k(0k free)

vm_info: OpenJDK 64-Bit Server VM (11.0.18+10) for bsd-amd64 JRE (11.0.18+10), built on Jan 18 2023 10:29:27 by "jenkins" with clang 4.2.1 Compatible Apple LLVM 10.0.1 (clang-1001.0.46.4)

END.
